This file contains any messages produced by compilers while
running configure, to aid debugging if configure makes a mistake.

configure:558: checking for bison
configure:589: checking whether ln -s works
configure:612: checking for gcc
configure:725: checking whether the C compiler (gcc -O3 -arch m68k -arch i386 -arch hppa -arch sparc  -arch m68k -arch i386 -arch hppa -arch sparc ) works
configure:741: gcc -o conftest -O3 -arch m68k -arch i386 -arch hppa -arch sparc   -arch m68k -arch i386 -arch hppa -arch sparc  conftest.c  1>&5
configure:767: checking whether the C compiler (gcc -O3 -arch m68k -arch i386 -arch hppa -arch sparc  -arch m68k -arch i386 -arch hppa -arch sparc ) is a cross-compiler
configure:772: checking whether we are using GNU C
configure:781: gcc -E conftest.c
configure:800: checking whether gcc accepts -g
configure:832: checking how to run the C preprocessor
configure:853: gcc -E  conftest.c >/dev/null 2>conftest.out
configure:849: undefined type, found `Syntax'
configure:849: illegal external declaration, missing `;' after `Error'
configure: failed program was:
#line 847 "configure"
#include "confdefs.h"
#include <assert.h>
Syntax Error
configure:870: gcc -E -traditional-cpp  conftest.c >/dev/null 2>conftest.out
configure:946: checking for a BSD compatible install
configure:1000: checking whether make sets ${MAKE}
configure:1055: checking for AIX
configure:1079: checking for POSIXized ISC
configure:1101: checking for minix/config.h
configure:1111: gcc -E -traditional-cpp  conftest.c >/dev/null 2>conftest.out
configure:1107: minix/config.h: No such file or directory
configure: failed program was:
#line 1106 "configure"
#include "confdefs.h"
#include <minix/config.h>
configure:1157: checking for special C compiler options needed for large files
configure:1213: checking for _FILE_OFFSET_BITS value needed for large files
configure:1230: gcc -c -O3 -arch m68k -arch i386 -arch hppa -arch sparc   conftest.c 1>&5
conftest.c:1221: warning: integer constant out of range
conftest.c:1221: warning: integer constant out of range
For architecture m68k:
configure:1221: warning: integer constant out of range
configure:1221: warning: decimal constant is so large that it is unsigned
configure:1221: warning: integer constant out of range
configure:1221: warning: decimal constant is so large that it is unsigned
configure:1221: size of array `a' is negative
configure: failed program was:
#line 1219 "configure"
#include "confdefs.h"
#include <sys/types.h>
    int a[(off_t) 9223372036854775807 == 9223372036854775807 ? 1 : -1];
  

        
int main() {

; return 0; }
configure:1249: gcc -c -O3 -arch m68k -arch i386 -arch hppa -arch sparc   conftest.c 1>&5
conftest.c:1240: warning: integer constant out of range
conftest.c:1240: warning: integer constant out of range
For architecture m68k:
configure:1240: warning: integer constant out of range
configure:1240: warning: decimal constant is so large that it is unsigned
configure:1240: warning: integer constant out of range
configure:1240: warning: decimal constant is so large that it is unsigned
configure:1240: size of array `a' is negative
configure: failed program was:
#line 1237 "configure"
#include "confdefs.h"
#define _FILE_OFFSET_BITS 64
#include <sys/types.h>
    int a[(off_t) 9223372036854775807 == 9223372036854775807 ? 1 : -1];
  

	   
int main() {

; return 0; }
configure:1269: checking for _LARGEFILE_SOURCE value needed for large files
configure:1286: gcc -c -O3 -arch m68k -arch i386 -arch hppa -arch sparc   conftest.c 1>&5
conftest.c:1277: warning: integer constant out of range
conftest.c:1277: warning: integer constant out of range
For architecture m68k:
configure:1277: warning: integer constant out of range
configure:1277: warning: decimal constant is so large that it is unsigned
configure:1277: warning: integer constant out of range
configure:1277: warning: decimal constant is so large that it is unsigned
configure:1277: size of array `a' is negative
configure: In function `main':
configure:1282: `ftello' undeclared (first use this function)
configure:1282: (Each undeclared identifier is reported only once
configure:1282: for each function it appears in.)
configure: failed program was:
#line 1275 "configure"
#include "confdefs.h"
#include <sys/types.h>
    int a[(off_t) 9223372036854775807 == 9223372036854775807 ? 1 : -1];
  
#include <stdio.h>
        
int main() {
return !ftello;
; return 0; }
configure:1305: gcc -c -O3 -arch m68k -arch i386 -arch hppa -arch sparc   conftest.c 1>&5
conftest.c:1296: warning: integer constant out of range
conftest.c:1296: warning: integer constant out of range
For architecture m68k:
configure:1296: warning: integer constant out of range
configure:1296: warning: decimal constant is so large that it is unsigned
configure:1296: warning: integer constant out of range
configure:1296: warning: decimal constant is so large that it is unsigned
configure:1296: size of array `a' is negative
configure: In function `main':
configure:1301: `ftello' undeclared (first use this function)
configure:1301: (Each undeclared identifier is reported only once
configure:1301: for each function it appears in.)
configure: failed program was:
#line 1293 "configure"
#include "confdefs.h"
#define _LARGEFILE_SOURCE 1
#include <sys/types.h>
    int a[(off_t) 9223372036854775807 == 9223372036854775807 ? 1 : -1];
  
#include <stdio.h>
	   
int main() {
return !ftello;
; return 0; }
configure:1325: checking for _LARGE_FILES value needed for large files
configure:1342: gcc -c -O3 -arch m68k -arch i386 -arch hppa -arch sparc   conftest.c 1>&5
conftest.c:1333: warning: integer constant out of range
conftest.c:1333: warning: integer constant out of range
For architecture m68k:
configure:1333: warning: integer constant out of range
configure:1333: warning: decimal constant is so large that it is unsigned
configure:1333: warning: integer constant out of range
configure:1333: warning: decimal constant is so large that it is unsigned
configure:1333: size of array `a' is negative
configure: failed program was:
#line 1331 "configure"
#include "confdefs.h"
#include <sys/types.h>
    int a[(off_t) 9223372036854775807 == 9223372036854775807 ? 1 : -1];
  

        
int main() {

; return 0; }
configure:1361: gcc -c -O3 -arch m68k -arch i386 -arch hppa -arch sparc   conftest.c 1>&5
conftest.c:1352: warning: integer constant out of range
conftest.c:1352: warning: integer constant out of range
For architecture m68k:
configure:1352: warning: integer constant out of range
configure:1352: warning: decimal constant is so large that it is unsigned
configure:1352: warning: integer constant out of range
configure:1352: warning: decimal constant is so large that it is unsigned
configure:1352: size of array `a' is negative
configure: failed program was:
#line 1349 "configure"
#include "confdefs.h"
#define _LARGE_FILES 1
#include <sys/types.h>
    int a[(off_t) 9223372036854775807 == 9223372036854775807 ? 1 : -1];
  

	   
int main() {

; return 0; }
configure:1381: checking for _XOPEN_SOURCE value needed for large files
configure:1398: gcc -c -O3 -arch m68k -arch i386 -arch hppa -arch sparc   conftest.c 1>&5
conftest.c:1389: warning: integer constant out of range
conftest.c:1389: warning: integer constant out of range
For architecture m68k:
configure:1389: warning: integer constant out of range
configure:1389: warning: decimal constant is so large that it is unsigned
configure:1389: warning: integer constant out of range
configure:1389: warning: decimal constant is so large that it is unsigned
configure:1389: size of array `a' is negative
configure: In function `main':
configure:1394: `ftello' undeclared (first use this function)
configure:1394: (Each undeclared identifier is reported only once
configure:1394: for each function it appears in.)
configure: failed program was:
#line 1387 "configure"
#include "confdefs.h"
#include <sys/types.h>
    int a[(off_t) 9223372036854775807 == 9223372036854775807 ? 1 : -1];
  
#include <stdio.h>
        
int main() {
return !ftello;
; return 0; }
configure:1417: gcc -c -O3 -arch m68k -arch i386 -arch hppa -arch sparc   conftest.c 1>&5
conftest.c:1408: warning: integer constant out of range
conftest.c:1408: warning: integer constant out of range
For architecture m68k:
configure:1408: warning: integer constant out of range
configure:1408: warning: decimal constant is so large that it is unsigned
configure:1408: warning: integer constant out of range
configure:1408: warning: decimal constant is so large that it is unsigned
configure:1408: size of array `a' is negative
configure: In function `main':
configure:1413: `ftello' undeclared (first use this function)
configure:1413: (Each undeclared identifier is reported only once
configure:1413: for each function it appears in.)
configure: failed program was:
#line 1405 "configure"
#include "confdefs.h"
#define _XOPEN_SOURCE 500
#include <sys/types.h>
    int a[(off_t) 9223372036854775807 == 9223372036854775807 ? 1 : -1];
  
#include <stdio.h>
	   
int main() {
return !ftello;
; return 0; }
configure:1440: checking for AIX compilation hacks
configure:1463: checking for ANSI C header files
configure:1476: gcc -E -traditional-cpp  conftest.c >/dev/null 2>conftest.out
configure:1543: gcc -o conftest -O3 -arch m68k -arch i386 -arch hppa -arch sparc   -arch m68k -arch i386 -arch hppa -arch sparc  conftest.c  1>&5
configure:1567: checking for sys/wait.h that is POSIX.1 compatible
configure:1588: gcc -c -O3 -arch m68k -arch i386 -arch hppa -arch sparc   conftest.c 1>&5
For architecture m68k:
configure: In function `main':
configure:1583: warning: passing arg 1 of `wait' from incompatible pointer type
configure:1584: request for member `w_S' in something not a structure or union
configure:1584: request for member `w_T' in something not a structure or union
configure: failed program was:
#line 1572 "configure"
#include "confdefs.h"
#include <sys/types.h>
#include <sys/wait.h>
#ifndef WEXITSTATUS
#define WEXITSTATUS(stat_val) ((unsigned)(stat_val) >> 8)
#endif
#ifndef WIFEXITED
#define WIFEXITED(stat_val) (((stat_val) & 255) == 0)
#endif
int main() {
int s;
wait (&s);
s = WIFEXITED (s) ? WEXITSTATUS (s) : 1;
; return 0; }
configure:1612: checking for limits.h
configure:1622: gcc -E -traditional-cpp  conftest.c >/dev/null 2>conftest.out
configure:1612: checking for locale.h
configure:1622: gcc -E -traditional-cpp  conftest.c >/dev/null 2>conftest.out
configure:1612: checking for stdarg.h
configure:1622: gcc -E -traditional-cpp  conftest.c >/dev/null 2>conftest.out
configure:1612: checking for unistd.h
configure:1622: gcc -E -traditional-cpp  conftest.c >/dev/null 2>conftest.out
configure:1612: checking for signum.h
configure:1622: gcc -E -traditional-cpp  conftest.c >/dev/null 2>conftest.out
configure:1618: signum.h: No such file or directory
configure: failed program was:
#line 1617 "configure"
#include "confdefs.h"
#include <signum.h>
configure:1612: checking for sys/param.h
configure:1622: gcc -E -traditional-cpp  conftest.c >/dev/null 2>conftest.out
configure:1612: checking for string.h
configure:1622: gcc -E -traditional-cpp  conftest.c >/dev/null 2>conftest.out
configure:1654: checking for memory.h
configure:1664: gcc -E -traditional-cpp  conftest.c >/dev/null 2>conftest.out
configure:1734: checking for pid_t
configure:1767: checking return type of signal handlers
configure:1789: gcc -c -O3 -arch m68k -arch i386 -arch hppa -arch sparc   conftest.c 1>&5
configure:1808: checking for size_t
configure:1841: checking for uid_t in sys/types.h
configure:1875: checking type of array argument to getgroups
configure:1908: gcc -o conftest -O3 -arch m68k -arch i386 -arch hppa -arch sparc   -arch m68k -arch i386 -arch hppa -arch sparc  conftest.c  1>&5
configure: failed program was:
#line 1883 "configure"
#include "confdefs.h"

/* Thanks to Mike Rendell for this test.  */
#include <sys/types.h>
#define NGID 256
#undef MAX
#define MAX(x, y) ((x) > (y) ? (x) : (y))
main()
{
  gid_t gidset[NGID];
  int i, n;
  union { gid_t gval; long lval; }  val;

  val.lval = -1;
  for (i = 0; i < NGID; i++)
    gidset[i] = val.gval;
  n = getgroups (sizeof (gidset) / MAX (sizeof (int), sizeof (gid_t)) - 1,
                 gidset);
  /* Exit non-zero if getgroups seems to require an array of ints.  This
     happens when gid_t is short but getgroups modifies an array of ints.  */
  exit ((n > 0 && gidset[n] != val.gval) ? 1 : 0);
}

configure:1973: checking for working alloca.h
configure:1985: gcc -o conftest -O3 -arch m68k -arch i386 -arch hppa -arch sparc   -arch m68k -arch i386 -arch hppa -arch sparc  conftest.c  1>&5
For architecture m68k:
configure:1979: header file 'alloca.h' not found
configure: failed program was:
#line 1978 "configure"
#include "confdefs.h"
#include <alloca.h>
int main() {
char *p = alloca(2 * sizeof(int));
; return 0; }
configure:2006: checking for alloca
configure:2039: gcc -o conftest -O3 -arch m68k -arch i386 -arch hppa -arch sparc   -arch m68k -arch i386 -arch hppa -arch sparc  conftest.c  1>&5
configure:2210: checking for vprintf
configure:2238: gcc -o conftest -O3 -arch m68k -arch i386 -arch hppa -arch sparc   -arch m68k -arch i386 -arch hppa -arch sparc  conftest.c  1>&5
configure:2316: checking for fmod in -lm
configure:2335: gcc -o conftest -O3 -arch m68k -arch i386 -arch hppa -arch sparc   -arch m68k -arch i386 -arch hppa -arch sparc  conftest.c -lm   1>&5
configure:2366: checking for madvise
configure:2394: gcc -o conftest -O3 -arch m68k -arch i386 -arch hppa -arch sparc   -arch m68k -arch i386 -arch hppa -arch sparc  conftest.c -lm  1>&5
ld: for architecture m68k
ld: Undefined symbols:
_madvise
configure: failed program was:
#line 2371 "configure"
#include "confdefs.h"
/* System header to define __stub macros and hopefully few prototypes,
    which can conflict with char madvise(); below.  */
#include <assert.h>
/* Override any gcc2 internal prototype to avoid an error.  */
/* We use char because int might match the return type of a gcc2
    builtin and then its argument prototype would still apply.  */
char madvise();

int main() {

/* The GNU C library defines this for functions which it implements
    to always fail with ENOSYS.  Some functions are actually named
    something starting with __ and the normal name is an alias.  */
#if defined (__stub_madvise) || defined (__stub___madvise)
choke me
#else
madvise();
#endif

; return 0; }
configure:2366: checking for memset
configure:2394: gcc -o conftest -O3 -arch m68k -arch i386 -arch hppa -arch sparc   -arch m68k -arch i386 -arch hppa -arch sparc  conftest.c -lm  1>&5
configure:2366: checking for memcpy
configure:2394: gcc -o conftest -O3 -arch m68k -arch i386 -arch hppa -arch sparc   -arch m68k -arch i386 -arch hppa -arch sparc  conftest.c -lm  1>&5
For architecture m68k:
configure:2378: warning: conflicting types for built-in function `memcpy'
For architecture i386:
configure:2378: warning: conflicting types for built-in function `memcpy'
For architecture hppa:
configure:2378: warning: conflicting types for built-in function `memcpy'
For architecture sparc:
configure:2378: warning: conflicting types for built-in function `memcpy'
configure:2366: checking for memcmp
configure:2394: gcc -o conftest -O3 -arch m68k -arch i386 -arch hppa -arch sparc   -arch m68k -arch i386 -arch hppa -arch sparc  conftest.c -lm  1>&5
For architecture m68k:
configure:2378: warning: conflicting types for built-in function `memcmp'
For architecture i386:
configure:2378: warning: conflicting types for built-in function `memcmp'
For architecture hppa:
configure:2378: warning: conflicting types for built-in function `memcmp'
For architecture sparc:
configure:2378: warning: conflicting types for built-in function `memcmp'
configure:2366: checking for fmod
configure:2394: gcc -o conftest -O3 -arch m68k -arch i386 -arch hppa -arch sparc   -arch m68k -arch i386 -arch hppa -arch sparc  conftest.c -lm  1>&5
configure:2366: checking for setlocale
configure:2394: gcc -o conftest -O3 -arch m68k -arch i386 -arch hppa -arch sparc   -arch m68k -arch i386 -arch hppa -arch sparc  conftest.c -lm  1>&5
configure:2366: checking for strchr
configure:2394: gcc -o conftest -O3 -arch m68k -arch i386 -arch hppa -arch sparc   -arch m68k -arch i386 -arch hppa -arch sparc  conftest.c -lm  1>&5
configure:2366: checking for strerror
configure:2394: gcc -o conftest -O3 -arch m68k -arch i386 -arch hppa -arch sparc   -arch m68k -arch i386 -arch hppa -arch sparc  conftest.c -lm  1>&5
configure:2366: checking for strftime
configure:2394: gcc -o conftest -O3 -arch m68k -arch i386 -arch hppa -arch sparc   -arch m68k -arch i386 -arch hppa -arch sparc  conftest.c -lm  1>&5
configure:2366: checking for strncasecmp
configure:2394: gcc -o conftest -O3 -arch m68k -arch i386 -arch hppa -arch sparc   -arch m68k -arch i386 -arch hppa -arch sparc  conftest.c -lm  1>&5
configure:2366: checking for strtod
configure:2394: gcc -o conftest -O3 -arch m68k -arch i386 -arch hppa -arch sparc   -arch m68k -arch i386 -arch hppa -arch sparc  conftest.c -lm  1>&5
configure:2366: checking for system
configure:2394: gcc -o conftest -O3 -arch m68k -arch i386 -arch hppa -arch sparc   -arch m68k -arch i386 -arch hppa -arch sparc  conftest.c -lm  1>&5
configure:2366: checking for tzset
configure:2394: gcc -o conftest -O3 -arch m68k -arch i386 -arch hppa -arch sparc   -arch m68k -arch i386 -arch hppa -arch sparc  conftest.c -lm  1>&5
configure:2423: checking for unistd.h
configure:2462: checking for getpagesize
configure:2490: gcc -o conftest -O3 -arch m68k -arch i386 -arch hppa -arch sparc   -arch m68k -arch i386 -arch hppa -arch sparc  conftest.c -lm  1>&5
configure:2515: checking for working mmap
configure:2663: gcc -o conftest -O3 -arch m68k -arch i386 -arch hppa -arch sparc   -arch m68k -arch i386 -arch hppa -arch sparc  conftest.c -lm  1>&5
For architecture m68k:
configure: In function `main':
configure:2635: `MAP_FIXED' undeclared (first use this function)
configure:2635: (Each undeclared identifier is reported only once
configure:2635: for each function it appears in.)
configure:2635: warning: comparison between pointer and integer
configure: failed program was:
#line 2523 "configure"
#include "confdefs.h"

/* Thanks to Mike Haertel and Jim Avera for this test.
   Here is a matrix of mmap possibilities:
	mmap private not fixed
	mmap private fixed at somewhere currently unmapped
	mmap private fixed at somewhere already mapped
	mmap shared not fixed
	mmap shared fixed at somewhere currently unmapped
	mmap shared fixed at somewhere already mapped
   For private mappings, we should verify that changes cannot be read()
   back from the file, nor mmap's back from the file at a different
   address.  (There have been systems where private was not correctly
   implemented like the infamous i386 svr4.0, and systems where the
   VM page cache was not coherent with the filesystem buffer cache
   like early versions of FreeBSD and possibly contemporary NetBSD.)
   For shared mappings, we should conversely verify that changes get
   propogated back to all the places they're supposed to be.

   Grep wants private fixed already mapped.
   The main things grep needs to know about mmap are:
   * does it exist and is it safe to write into the mmap'd area
   * how to use it (BSD variants)  */
#include <sys/types.h>
#include <fcntl.h>
#include <sys/mman.h>

/* This mess was copied from the GNU getpagesize.h.  */
#ifndef HAVE_GETPAGESIZE
# ifdef HAVE_UNISTD_H
#  include <unistd.h>
# endif

/* Assume that all systems that can run configure have sys/param.h.  */
# ifndef HAVE_SYS_PARAM_H
#  define HAVE_SYS_PARAM_H 1
# endif

# ifdef _SC_PAGESIZE
#  define getpagesize() sysconf(_SC_PAGESIZE)
# else /* no _SC_PAGESIZE */
#  ifdef HAVE_SYS_PARAM_H
#   include <sys/param.h>
#   ifdef EXEC_PAGESIZE
#    define getpagesize() EXEC_PAGESIZE
#   else /* no EXEC_PAGESIZE */
#    ifdef NBPG
#     define getpagesize() NBPG * CLSIZE
#     ifndef CLSIZE
#      define CLSIZE 1
#     endif /* no CLSIZE */
#    else /* no NBPG */
#     ifdef NBPC
#      define getpagesize() NBPC
#     else /* no NBPC */
#      ifdef PAGESIZE
#       define getpagesize() PAGESIZE
#      endif /* PAGESIZE */
#     endif /* no NBPC */
#    endif /* no NBPG */
#   endif /* no EXEC_PAGESIZE */
#  else /* no HAVE_SYS_PARAM_H */
#   define getpagesize() 8192	/* punt totally */
#  endif /* no HAVE_SYS_PARAM_H */
# endif /* no _SC_PAGESIZE */

#endif /* no HAVE_GETPAGESIZE */

#ifdef __cplusplus
extern "C" { void *malloc(unsigned); }
#else
char *malloc();
#endif

int
main()
{
	char *data, *data2, *data3;
	int i, pagesize;
	int fd;

	pagesize = getpagesize();

	/*
	 * First, make a file with some known garbage in it.
	 */
	data = malloc(pagesize);
	if (!data)
		exit(1);
	for (i = 0; i < pagesize; ++i)
		*(data + i) = rand();
	umask(0);
	fd = creat("conftestmmap", 0600);
	if (fd < 0)
		exit(1);
	if (write(fd, data, pagesize) != pagesize)
		exit(1);
	close(fd);

	/*
	 * Next, try to mmap the file at a fixed address which
	 * already has something else allocated at it.  If we can,
	 * also make sure that we see the same garbage.
	 */
	fd = open("conftestmmap", O_RDWR);
	if (fd < 0)
		exit(1);
	data2 = malloc(2 * pagesize);
	if (!data2)
		exit(1);
	data2 += (pagesize - ((int) data2 & (pagesize - 1))) & (pagesize - 1);
	if (data2 != mmap(data2, pagesize, PROT_READ | PROT_WRITE,
	    MAP_PRIVATE | MAP_FIXED, fd, 0L))
		exit(1);
	for (i = 0; i < pagesize; ++i)
		if (*(data + i) != *(data2 + i))
			exit(1);

	/*
	 * Finally, make sure that changes to the mapped area
	 * do not percolate back to the file as seen by read().
	 * (This is a bug on some variants of i386 svr4.0.)
	 */
	for (i = 0; i < pagesize; ++i)
		*(data2 + i) = *(data2 + i) + 1;
	data3 = malloc(pagesize);
	if (!data3)
		exit(1);
	if (read(fd, data3, pagesize) != pagesize)
		exit(1);
	for (i = 0; i < pagesize; ++i)
		if (*(data + i) != *(data3 + i))
			exit(1);
	close(fd);
	unlink("conftestmmap");
	exit(0);
}

configure:2798: checking whether getpgrp takes no argument
configure:2861: gcc -o conftest -O3 -arch m68k -arch i386 -arch hppa -arch sparc   -arch m68k -arch i386 -arch hppa -arch sparc  conftest.c -lm  1>&5
configure: failed program was:
#line 2806 "configure"
#include "confdefs.h"

/*
 * If this system has a BSD-style getpgrp(),
 * which takes a pid argument, exit unsuccessfully.
 *
 * Snarfed from Chet Ramey's bash pgrp.c test program
 */
#include <stdio.h>
#include <sys/types.h>

int     pid;
int     pg1, pg2, pg3, pg4;
int     ng, np, s, child;

main()
{
        pid = getpid();
        pg1 = getpgrp(0);
        pg2 = getpgrp();
        pg3 = getpgrp(pid);
        pg4 = getpgrp(1);

        /*
         * If all of these values are the same, it's pretty sure that
         * we're on a system that ignores getpgrp's first argument.
         */
        if (pg2 == pg4 && pg1 == pg3 && pg2 == pg3)
                exit(0);

        child = fork();
        if (child < 0)
                exit(1);
        else if (child == 0) {
                np = getpid();
                /*
                 * If this is Sys V, this will not work; pgrp will be
                 * set to np because setpgrp just changes a pgrp to be
                 * the same as the pid.
                 */
                setpgrp(np, pg1);
                ng = getpgrp(0);        /* Same result for Sys V and BSD */
                if (ng == pg1) {
                        exit(1);
                } else {
                        exit(0);
                }
        } else {
                wait(&s);
                exit(s>>8);
        }
}

configure:2977: checking for st_blksize in struct stat
configure:2990: gcc -c -O3 -arch m68k -arch i386 -arch hppa -arch sparc   conftest.c 1>&5
configure:3011: checking whether time.h and sys/time.h may both be included
configure:3025: gcc -c -O3 -arch m68k -arch i386 -arch hppa -arch sparc   conftest.c 1>&5
configure:3046: checking whether struct tm is in sys/time.h or time.h
configure:3059: gcc -c -O3 -arch m68k -arch i386 -arch hppa -arch sparc   conftest.c 1>&5
configure:3080: checking for tm_zone in struct tm
configure:3093: gcc -c -O3 -arch m68k -arch i386 -arch hppa -arch sparc   conftest.c 1>&5
configure:3151: checking whether char is unsigned
configure:3214: checking for working const
configure:3268: gcc -c -O3 -arch m68k -arch i386 -arch hppa -arch sparc   conftest.c 1>&5
configure:3291: checking for ANSI stringizing capability
