This file contains any messages produced by compilers while
running configure, to aid debugging if configure makes a mistake.

It was created by GNU M4 configure 1.4.4, which was
generated by GNU Autoconf 2.59.  Invocation command line was

  $ ./configure --prefix=/tmp/m4_build

## --------- ##
## Platform. ##
## --------- ##

hostname = dauntless
uname -m = I386
uname -r = 3.3
uname -s = NEXTSTEP
uname -v = NeXT Mach 3.3: Tue Jul 13 09:36:06 PDT 1999; root(rcbuilder):mk-171.14.obj~22/RC_i386/RELEASE_I386

/usr/bin/uname -p = unknown
/bin/uname -X     = unknown

/bin/arch              = unknown
/usr/bin/arch -k       = unknown
/usr/convex/getsysinfo = unknown
hostinfo               = Mach kernel version:
	 NeXT Mach 3.3: Tue Jul 13 09:36:06 PDT 1999; root(rcbuilder):mk-171.14.obj~22/RC_i386/RELEASE_I386

Kernel configured for a single processor only.
1 processor is physically available.
Processor type: I386 (Intel 486)
Processor active: 0
Primary memory available: 512.00 megabytes.
Default processor set: 69 tasks, 126 threads, 1 processors
Load average: 0.12, Mach factor: 0.86
/bin/machine           = unknown
/usr/bin/oslevel       = unknown
/bin/universe          = unknown

PATH: /usr/local/bin
PATH: /usr/gnu/bin
PATH: /usr/ucb
PATH: /usr/sybase/bin
PATH: /usr/X11/bin
PATH: /usr/X11R6/bin
PATH: /usr/X11R5/bin
PATH: /Net/nova/Users/asmodai/Apps
PATH: /bin
PATH: /usr/bin
PATH: /LocalApps
PATH: /NextApps
PATH: /NextAdmin
PATH: /NextDeveloper/Demos


## ----------- ##
## Core tests. ##
## ----------- ##

configure:1342: checking for gawk
configure:1358: found /usr/local/bin/gawk
configure:1368: result: gawk
configure:1424: checking for gcc
configure:1440: found /bin/gcc
configure:1450: result: gcc
configure:1694: checking for C compiler version
configure:1697: gcc --version </dev/null >&5
2.5.8
configure:1700: $? = 0
configure:1702: gcc -v </dev/null >&5
Reading specs from /lib/i386/specs
NeXT Computer, Inc. version cc-437.2.6, gcc version 2.5.8
configure:1705: $? = 0
configure:1707: gcc -V </dev/null >&5
gcc: argument to `-V' is missing
configure:1710: $? = 1
configure:1733: checking for C compiler default output file name
configure:1736: gcc -O3 -arch m68k -arch i386 -arch hppa -arch sparc  -posix  -posix -arch m68k -arch i386 -arch hppa -arch sparc  conftest.c  >&5
configure:1739: $? = 0
configure:1785: result: a.out
configure:1790: checking whether the C compiler works
configure:1796: ./a.out
configure:1799: $? = 0
configure:1816: result: yes
configure:1823: checking whether we are cross compiling
configure:1825: result: no
configure:1828: checking for suffix of executables
configure:1830: gcc -o conftest -O3 -arch m68k -arch i386 -arch hppa -arch sparc  -posix  -posix -arch m68k -arch i386 -arch hppa -arch sparc  conftest.c  >&5
configure:1833: $? = 0
configure:1858: result: 
configure:1864: checking for suffix of object files
configure:1885: gcc -c -O3 -arch m68k -arch i386 -arch hppa -arch sparc  -posix  conftest.c >&5
configure:1888: $? = 0
configure:1910: result: o
configure:1914: checking whether we are using the GNU C compiler
configure:1938: gcc -c -O3 -arch m68k -arch i386 -arch hppa -arch sparc  -posix  conftest.c >&5
configure:1944: $? = 0
configure:1948: test -z 
			 || test ! -s conftest.err
configure:1951: $? = 0
configure:1954: test -s conftest.o
configure:1957: $? = 0
configure:1970: result: yes
configure:1976: checking whether gcc accepts -g
configure:1997: gcc -c -g  conftest.c >&5
configure:2003: $? = 0
configure:2007: test -z 
			 || test ! -s conftest.err
configure:2010: $? = 0
configure:2013: test -s conftest.o
configure:2016: $? = 0
configure:2027: result: yes
configure:2044: checking for gcc option to accept ANSI C
configure:2114: gcc  -c -O3 -arch m68k -arch i386 -arch hppa -arch sparc  -posix  conftest.c >&5
configure:2120: $? = 0
configure:2124: test -z 
			 || test ! -s conftest.err
configure:2127: $? = 0
configure:2130: test -s conftest.o
configure:2133: $? = 0
configure:2151: result: none needed
configure:2169: gcc -c -O3 -arch m68k -arch i386 -arch hppa -arch sparc  -posix  conftest.c >&5
conftest.c:2: undefined type, found `choke'
conftest.c:2: illegal external declaration, missing `;' after `me'
configure:2175: $? = 1
configure: failed program was:
| #ifndef __cplusplus
|   choke me
| #endif
configure:2346: checking for a BSD-compatible install
configure:2401: result: /usr/bin/install -c
configure:2412: checking whether make sets $(MAKE)
configure:2432: result: yes
configure:2482: checking for ranlib
configure:2498: found /bin/ranlib
configure:2509: result: ranlib
configure:2528: checking how to run the C preprocessor
configure:2563: gcc -E  conftest.c
conftest.c:14: undefined type, found `Syntax'
conftest.c:14: illegal external declaration, missing `;' after `error'
configure:2569: $? = 1
configure: failed program was:
| /* confdefs.h.  */
| 
| #define PACKAGE_NAME "GNU M4"
| #define PACKAGE_TARNAME "m4"
| #define PACKAGE_VERSION "1.4.4"
| #define PACKAGE_STRING "GNU M4 1.4.4"
| #define PACKAGE_BUGREPORT "bug-m4@gnu.org"
| /* end confdefs.h.  */
| #ifdef __STDC__
| # include <limits.h>
| #else
| # include <assert.h>
| #endif
| 		     Syntax error
configure:2563: gcc -E  conftest.c
conftest.c:14: undefined type, found `Syntax'
conftest.c:14: illegal external declaration, missing `;' after `error'
configure:2569: $? = 1
configure: failed program was:
| /* confdefs.h.  */
| 
| #define PACKAGE_NAME "GNU M4"
| #define PACKAGE_TARNAME "m4"
| #define PACKAGE_VERSION "1.4.4"
| #define PACKAGE_STRING "GNU M4 1.4.4"
| #define PACKAGE_BUGREPORT "bug-m4@gnu.org"
| /* end confdefs.h.  */
| #ifdef __STDC__
| # include <limits.h>
| #else
| # include <assert.h>
| #endif
| 		     Syntax error
configure:2563: gcc -E -traditional-cpp  conftest.c
configure:2569: $? = 0
configure:2601: gcc -E -traditional-cpp  conftest.c
conftest.c:9: ac_nonexistent.h: No such file or directory
configure:2607: $? = 1
configure: failed program was:
| /* confdefs.h.  */
| 
| #define PACKAGE_NAME "GNU M4"
| #define PACKAGE_TARNAME "m4"
| #define PACKAGE_VERSION "1.4.4"
| #define PACKAGE_STRING "GNU M4 1.4.4"
| #define PACKAGE_BUGREPORT "bug-m4@gnu.org"
| /* end confdefs.h.  */
| #include <ac_nonexistent.h>
configure:2646: result: gcc -E -traditional-cpp
configure:2670: gcc -E -traditional-cpp  conftest.c
configure:2676: $? = 0
configure:2708: gcc -E -traditional-cpp  conftest.c
conftest.c:9: ac_nonexistent.h: No such file or directory
configure:2714: $? = 1
configure: failed program was:
| /* confdefs.h.  */
| 
| #define PACKAGE_NAME "GNU M4"
| #define PACKAGE_TARNAME "m4"
| #define PACKAGE_VERSION "1.4.4"
| #define PACKAGE_STRING "GNU M4 1.4.4"
| #define PACKAGE_BUGREPORT "bug-m4@gnu.org"
| /* end confdefs.h.  */
| #include <ac_nonexistent.h>
configure:2758: checking for egrep
configure:2768: result: grep -E
configure:2774: checking for AIX
configure:2796: result: no
configure:2802: checking for library containing strerror
configure:2832: gcc -o conftest -O3 -arch m68k -arch i386 -arch hppa -arch sparc  -posix  -posix -arch m68k -arch i386 -arch hppa -arch sparc  conftest.c  >&5
configure:2838: $? = 0
configure:2842: test -z 
			 || test ! -s conftest.err
configure:2845: $? = 0
configure:2848: test -s conftest
configure:2851: $? = 0
configure:2921: result: none required
configure:2928: checking for ANSI C header files
configure:2953: gcc -c -O3 -arch m68k -arch i386 -arch hppa -arch sparc  -posix  conftest.c >&5
configure:2959: $? = 0
configure:2963: test -z 
			 || test ! -s conftest.err
configure:2966: $? = 0
configure:2969: test -s conftest.o
configure:2972: $? = 0
configure:3058: gcc -o conftest -O3 -arch m68k -arch i386 -arch hppa -arch sparc  -posix  -posix -arch m68k -arch i386 -arch hppa -arch sparc  conftest.c  >&5
configure:3061: $? = 0
configure:3063: ./conftest
configure:3066: $? = 0
configure:3081: result: yes
configure:3105: checking for sys/types.h
configure:3121: gcc -c -O3 -arch m68k -arch i386 -arch hppa -arch sparc  -posix  conftest.c >&5
configure:3127: $? = 0
configure:3131: test -z 
			 || test ! -s conftest.err
configure:3134: $? = 0
configure:3137: test -s conftest.o
configure:3140: $? = 0
configure:3151: result: yes
configure:3105: checking for sys/stat.h
configure:3121: gcc -c -O3 -arch m68k -arch i386 -arch hppa -arch sparc  -posix  conftest.c >&5
configure:3127: $? = 0
configure:3131: test -z 
			 || test ! -s conftest.err
configure:3134: $? = 0
configure:3137: test -s conftest.o
configure:3140: $? = 0
configure:3151: result: yes
configure:3105: checking for stdlib.h
configure:3121: gcc -c -O3 -arch m68k -arch i386 -arch hppa -arch sparc  -posix  conftest.c >&5
configure:3127: $? = 0
configure:3131: test -z 
			 || test ! -s conftest.err
configure:3134: $? = 0
configure:3137: test -s conftest.o
configure:3140: $? = 0
configure:3151: result: yes
configure:3105: checking for string.h
configure:3121: gcc -c -O3 -arch m68k -arch i386 -arch hppa -arch sparc  -posix  conftest.c >&5
configure:3127: $? = 0
configure:3131: test -z 
			 || test ! -s conftest.err
configure:3134: $? = 0
configure:3137: test -s conftest.o
configure:3140: $? = 0
configure:3151: result: yes
configure:3105: checking for memory.h
configure:3121: gcc -c -O3 -arch m68k -arch i386 -arch hppa -arch sparc  -posix  conftest.c >&5
configure:3127: $? = 0
configure:3131: test -z 
			 || test ! -s conftest.err
configure:3134: $? = 0
configure:3137: test -s conftest.o
configure:3140: $? = 0
configure:3151: result: yes
configure:3105: checking for strings.h
configure:3121: gcc -c -O3 -arch m68k -arch i386 -arch hppa -arch sparc  -posix  conftest.c >&5
configure:3127: $? = 0
configure:3131: test -z 
			 || test ! -s conftest.err
configure:3134: $? = 0
configure:3137: test -s conftest.o
configure:3140: $? = 0
configure:3151: result: yes
configure:3105: checking for inttypes.h
configure:3121: gcc -c -O3 -arch m68k -arch i386 -arch hppa -arch sparc  -posix  conftest.c >&5
For architecture m68k:
conftest.c:51: header file 'inttypes.h' not found
configure:3127: $? = 1
configure: failed program was:
| /* confdefs.h.  */
| 
| #define PACKAGE_NAME "GNU M4"
| #define PACKAGE_TARNAME "m4"
| #define PACKAGE_VERSION "1.4.4"
| #define PACKAGE_STRING "GNU M4 1.4.4"
| #define PACKAGE_BUGREPORT "bug-m4@gnu.org"
| #define STDC_HEADERS 1
| #define HAVE_SYS_TYPES_H 1
| #define HAVE_SYS_STAT_H 1
| #define HAVE_STDLIB_H 1
| #define HAVE_STRING_H 1
| #define HAVE_MEMORY_H 1
| #define HAVE_STRINGS_H 1
| /* end confdefs.h.  */
| #include <stdio.h>
| #if HAVE_SYS_TYPES_H
| # include <sys/types.h>
| #endif
| #if HAVE_SYS_STAT_H
| # include <sys/stat.h>
| #endif
| #if STDC_HEADERS
| # include <stdlib.h>
| # include <stddef.h>
| #else
| # if HAVE_STDLIB_H
| #  include <stdlib.h>
| # endif
| #endif
| #if HAVE_STRING_H
| # if !STDC_HEADERS && HAVE_MEMORY_H
| #  include <memory.h>
| # endif
| # include <string.h>
| #endif
| #if HAVE_STRINGS_H
| # include <strings.h>
| #endif
| #if HAVE_INTTYPES_H
| # include <inttypes.h>
| #else
| # if HAVE_STDINT_H
| #  include <stdint.h>
| # endif
| #endif
| #if HAVE_UNISTD_H
| # include <unistd.h>
| #endif
| 
| #include <inttypes.h>
configure:3151: result: no
configure:3105: checking for stdint.h
configure:3121: gcc -c -O3 -arch m68k -arch i386 -arch hppa -arch sparc  -posix  conftest.c >&5
For architecture m68k:
conftest.c:51: header file 'stdint.h' not found
configure:3127: $? = 1
configure: failed program was:
| /* confdefs.h.  */
| 
| #define PACKAGE_NAME "GNU M4"
| #define PACKAGE_TARNAME "m4"
| #define PACKAGE_VERSION "1.4.4"
| #define PACKAGE_STRING "GNU M4 1.4.4"
| #define PACKAGE_BUGREPORT "bug-m4@gnu.org"
| #define STDC_HEADERS 1
| #define HAVE_SYS_TYPES_H 1
| #define HAVE_SYS_STAT_H 1
| #define HAVE_STDLIB_H 1
| #define HAVE_STRING_H 1
| #define HAVE_MEMORY_H 1
| #define HAVE_STRINGS_H 1
| /* end confdefs.h.  */
| #include <stdio.h>
| #if HAVE_SYS_TYPES_H
| # include <sys/types.h>
| #endif
| #if HAVE_SYS_STAT_H
| # include <sys/stat.h>
| #endif
| #if STDC_HEADERS
| # include <stdlib.h>
| # include <stddef.h>
| #else
| # if HAVE_STDLIB_H
| #  include <stdlib.h>
| # endif
| #endif
| #if HAVE_STRING_H
| # if !STDC_HEADERS && HAVE_MEMORY_H
| #  include <memory.h>
| # endif
| # include <string.h>
| #endif
| #if HAVE_STRINGS_H
| # include <strings.h>
| #endif
| #if HAVE_INTTYPES_H
| # include <inttypes.h>
| #else
| # if HAVE_STDINT_H
| #  include <stdint.h>
| # endif
| #endif
| #if HAVE_UNISTD_H
| # include <unistd.h>
| #endif
| 
| #include <stdint.h>
configure:3151: result: no
configure:3105: checking for unistd.h
configure:3121: gcc -c -O3 -arch m68k -arch i386 -arch hppa -arch sparc  -posix  conftest.c >&5
configure:3127: $? = 0
configure:3131: test -z 
			 || test ! -s conftest.err
configure:3134: $? = 0
configure:3137: test -s conftest.o
configure:3140: $? = 0
configure:3151: result: yes
configure:3173: checking minix/config.h usability
configure:3185: gcc -c -O3 -arch m68k -arch i386 -arch hppa -arch sparc  -posix  conftest.c >&5
For architecture m68k:
conftest.c:51: header file 'minix/config.h' not found
configure:3191: $? = 1
configure: failed program was:
| /* confdefs.h.  */
| 
| #define PACKAGE_NAME "GNU M4"
| #define PACKAGE_TARNAME "m4"
| #define PACKAGE_VERSION "1.4.4"
| #define PACKAGE_STRING "GNU M4 1.4.4"
| #define PACKAGE_BUGREPORT "bug-m4@gnu.org"
| #define STDC_HEADERS 1
| #define HAVE_SYS_TYPES_H 1
| #define HAVE_SYS_STAT_H 1
| #define HAVE_STDLIB_H 1
| #define HAVE_STRING_H 1
| #define HAVE_MEMORY_H 1
| #define HAVE_STRINGS_H 1
| #define HAVE_UNISTD_H 1
| /* end confdefs.h.  */
| #include <stdio.h>
| #if HAVE_SYS_TYPES_H
| # include <sys/types.h>
| #endif
| #if HAVE_SYS_STAT_H
| # include <sys/stat.h>
| #endif
| #if STDC_HEADERS
| # include <stdlib.h>
| # include <stddef.h>
| #else
| # if HAVE_STDLIB_H
| #  include <stdlib.h>
| # endif
| #endif
| #if HAVE_STRING_H
| # if !STDC_HEADERS && HAVE_MEMORY_H
| #  include <memory.h>
| # endif
| # include <string.h>
| #endif
| #if HAVE_STRINGS_H
| # include <strings.h>
| #endif
| #if HAVE_INTTYPES_H
| # include <inttypes.h>
| #else
| # if HAVE_STDINT_H
| #  include <stdint.h>
| # endif
| #endif
| #if HAVE_UNISTD_H
| # include <unistd.h>
| #endif
| #include <minix/config.h>
configure:3214: result: no
configure:3218: checking minix/config.h presence
configure:3228: gcc -E -traditional-cpp  conftest.c
conftest.c:17: minix/config.h: No such file or directory
configure:3234: $? = 1
configure: failed program was:
| /* confdefs.h.  */
| 
| #define PACKAGE_NAME "GNU M4"
| #define PACKAGE_TARNAME "m4"
| #define PACKAGE_VERSION "1.4.4"
| #define PACKAGE_STRING "GNU M4 1.4.4"
| #define PACKAGE_BUGREPORT "bug-m4@gnu.org"
| #define STDC_HEADERS 1
| #define HAVE_SYS_TYPES_H 1
| #define HAVE_SYS_STAT_H 1
| #define HAVE_STDLIB_H 1
| #define HAVE_STRING_H 1
| #define HAVE_MEMORY_H 1
| #define HAVE_STRINGS_H 1
| #define HAVE_UNISTD_H 1
| /* end confdefs.h.  */
| #include <minix/config.h>
configure:3254: result: no
configure:3289: checking for minix/config.h
configure:3296: result: no
configure:3325: checking for gcc option to accept ANSI C
configure:3395: result: 
configure:3403: checking for function prototypes
configure:3406: result: yes
configure:3420: checking for an ANSI C-conforming const
configure:3487: gcc -c -O3 -arch m68k -arch i386 -arch hppa -arch sparc  -posix  conftest.c >&5
configure:3493: $? = 0
configure:3497: test -z 
			 || test ! -s conftest.err
configure:3500: $? = 0
configure:3503: test -s conftest.o
configure:3506: $? = 0
configure:3517: result: yes
configure:3546: checking limits.h usability
configure:3558: gcc -c -O3 -arch m68k -arch i386 -arch hppa -arch sparc  -posix  conftest.c >&5
configure:3564: $? = 0
configure:3568: test -z 
			 || test ! -s conftest.err
configure:3571: $? = 0
configure:3574: test -s conftest.o
configure:3577: $? = 0
configure:3587: result: yes
configure:3591: checking limits.h presence
configure:3601: gcc -E -traditional-cpp  conftest.c
configure:3607: $? = 0
configure:3627: result: yes
configure:3662: checking for limits.h
configure:3669: result: yes
configure:3537: checking for memory.h
configure:3542: result: yes
configure:3546: checking siginfo.h usability
configure:3558: gcc -c -O3 -arch m68k -arch i386 -arch hppa -arch sparc  -posix  conftest.c >&5
For architecture m68k:
conftest.c:54: header file 'siginfo.h' not found
configure:3564: $? = 1
configure: failed program was:
| /* confdefs.h.  */
| 
| #define PACKAGE_NAME "GNU M4"
| #define PACKAGE_TARNAME "m4"
| #define PACKAGE_VERSION "1.4.4"
| #define PACKAGE_STRING "GNU M4 1.4.4"
| #define PACKAGE_BUGREPORT "bug-m4@gnu.org"
| #define STDC_HEADERS 1
| #define HAVE_SYS_TYPES_H 1
| #define HAVE_SYS_STAT_H 1
| #define HAVE_STDLIB_H 1
| #define HAVE_STRING_H 1
| #define HAVE_MEMORY_H 1
| #define HAVE_STRINGS_H 1
| #define HAVE_UNISTD_H 1
| #define PROTOTYPES 1
| #define HAVE_LIMITS_H 1
| #define HAVE_MEMORY_H 1
| /* end confdefs.h.  */
| #include <stdio.h>
| #if HAVE_SYS_TYPES_H
| # include <sys/types.h>
| #endif
| #if HAVE_SYS_STAT_H
| # include <sys/stat.h>
| #endif
| #if STDC_HEADERS
| # include <stdlib.h>
| # include <stddef.h>
| #else
| # if HAVE_STDLIB_H
| #  include <stdlib.h>
| # endif
| #endif
| #if HAVE_STRING_H
| # if !STDC_HEADERS && HAVE_MEMORY_H
| #  include <memory.h>
| # endif
| # include <string.h>
| #endif
| #if HAVE_STRINGS_H
| # include <strings.h>
| #endif
| #if HAVE_INTTYPES_H
| # include <inttypes.h>
| #else
| # if HAVE_STDINT_H
| #  include <stdint.h>
| # endif
| #endif
| #if HAVE_UNISTD_H
| # include <unistd.h>
| #endif
| #include <siginfo.h>
configure:3587: result: no
configure:3591: checking siginfo.h presence
configure:3601: gcc -E -traditional-cpp  conftest.c
conftest.c:20: siginfo.h: No such file or directory
configure:3607: $? = 1
configure: failed program was:
| /* confdefs.h.  */
| 
| #define PACKAGE_NAME "GNU M4"
| #define PACKAGE_TARNAME "m4"
| #define PACKAGE_VERSION "1.4.4"
| #define PACKAGE_STRING "GNU M4 1.4.4"
| #define PACKAGE_BUGREPORT "bug-m4@gnu.org"
| #define STDC_HEADERS 1
| #define HAVE_SYS_TYPES_H 1
| #define HAVE_SYS_STAT_H 1
| #define HAVE_STDLIB_H 1
| #define HAVE_STRING_H 1
| #define HAVE_MEMORY_H 1
| #define HAVE_STRINGS_H 1
| #define HAVE_UNISTD_H 1
| #define PROTOTYPES 1
| #define HAVE_LIMITS_H 1
| #define HAVE_MEMORY_H 1
| /* end confdefs.h.  */
| #include <siginfo.h>
configure:3627: result: no
configure:3662: checking for siginfo.h
configure:3669: result: no
configure:3537: checking for string.h
configure:3542: result: yes
configure:3537: checking for unistd.h
configure:3542: result: yes
configure:3697: checking signal.h usability
configure:3709: gcc -c -O3 -arch m68k -arch i386 -arch hppa -arch sparc  -posix  conftest.c >&5
configure:3715: $? = 0
configure:3719: test -z 
			 || test ! -s conftest.err
configure:3722: $? = 0
configure:3725: test -s conftest.o
configure:3728: $? = 0
configure:3738: result: yes
configure:3742: checking signal.h presence
configure:3752: gcc -E -traditional-cpp  conftest.c
configure:3758: $? = 0
configure:3778: result: yes
configure:3813: checking for signal.h
configure:3820: result: yes
configure:3833: checking for ANSI C header files
configure:3986: result: yes
configure:3996: checking return type of signal handlers
configure:4027: gcc -c -O3 -arch m68k -arch i386 -arch hppa -arch sparc  -posix  conftest.c >&5
configure:4033: $? = 0
configure:4037: test -z 
			 || test ! -s conftest.err
configure:4040: $? = 0
configure:4043: test -s conftest.o
configure:4046: $? = 0
configure:4057: result: void
configure:4065: checking for size_t
configure:4089: gcc -c -O3 -arch m68k -arch i386 -arch hppa -arch sparc  -posix  conftest.c >&5
configure:4095: $? = 0
configure:4099: test -z 
			 || test ! -s conftest.err
configure:4102: $? = 0
configure:4105: test -s conftest.o
configure:4108: $? = 0
configure:4119: result: yes
configure:4142: checking for mkstemp
configure:4199: gcc -o conftest -O3 -arch m68k -arch i386 -arch hppa -arch sparc  -posix  -posix -arch m68k -arch i386 -arch hppa -arch sparc  conftest.c  >&5
configure:4205: $? = 0
configure:4209: test -z 
			 || test ! -s conftest.err
configure:4212: $? = 0
configure:4215: test -s conftest
configure:4218: $? = 0
configure:4230: result: yes
configure:4142: checking for sigaction
configure:4199: gcc -o conftest -O3 -arch m68k -arch i386 -arch hppa -arch sparc  -posix  -posix -arch m68k -arch i386 -arch hppa -arch sparc  conftest.c  >&5
configure:4205: $? = 0
configure:4209: test -z 
			 || test ! -s conftest.err
configure:4212: $? = 0
configure:4215: test -s conftest
configure:4218: $? = 0
configure:4230: result: yes
configure:4142: checking for sigaltstack
configure:4199: gcc -o conftest -O3 -arch m68k -arch i386 -arch hppa -arch sparc  -posix  -posix -arch m68k -arch i386 -arch hppa -arch sparc  conftest.c  >&5
ld: for architecture m68k
ld: Undefined symbols:
_sigaltstack
configure:4205: $? = 1
configure: failed program was:
| /* confdefs.h.  */
| 
| #define PACKAGE_NAME "GNU M4"
| #define PACKAGE_TARNAME "m4"
| #define PACKAGE_VERSION "1.4.4"
| #define PACKAGE_STRING "GNU M4 1.4.4"
| #define PACKAGE_BUGREPORT "bug-m4@gnu.org"
| #define STDC_HEADERS 1
| #define HAVE_SYS_TYPES_H 1
| #define HAVE_SYS_STAT_H 1
| #define HAVE_STDLIB_H 1
| #define HAVE_STRING_H 1
| #define HAVE_MEMORY_H 1
| #define HAVE_STRINGS_H 1
| #define HAVE_UNISTD_H 1
| #define PROTOTYPES 1
| #define HAVE_LIMITS_H 1
| #define HAVE_MEMORY_H 1
| #define HAVE_STRING_H 1
| #define HAVE_UNISTD_H 1
| #define HAVE_SIGNAL_H 1
| #define STDC_HEADERS 1
| #define RETSIGTYPE void
| #define HAVE_MKSTEMP 1
| #define HAVE_SIGACTION 1
| /* end confdefs.h.  */
| /* Define sigaltstack to an innocuous variant, in case <limits.h> declares sigaltstack.
|    For example, HP-UX 11i <limits.h> declares gettimeofday.  */
| #define sigaltstack innocuous_sigaltstack
| 
| /* System header to define __stub macros and hopefully few prototypes,
|     which can conflict with char sigaltstack (); below.
|     Prefer <limits.h> to <assert.h> if __STDC__ is defined, since
|     <limits.h> exists even on freestanding compilers.  */
| 
| #ifdef __STDC__
| # include <limits.h>
| #else
| # include <assert.h>
| #endif
| 
| #undef sigaltstack
| 
| /* Override any gcc2 internal prototype to avoid an error.  */
| #ifdef __cplusplus
| extern "C"
| {
| #endif
| /* We use char because int might match the return type of a gcc2
|    builtin and then its argument prototype would still apply.  */
| char sigaltstack ();
| /* The GNU C library defines this for functions which it implements
|     to always fail with ENOSYS.  Some functions are actually named
|     something starting with __ and the normal name is an alias.  */
| #if defined (__stub_sigaltstack) || defined (__stub___sigaltstack)
| choke me
| #else
| char (*f) () = sigaltstack;
| #endif
| #ifdef __cplusplus
| }
| #endif
| 
| int
| main ()
| {
| return f != sigaltstack;
|   ;
|   return 0;
| }
configure:4230: result: no
configure:4142: checking for sigstack
configure:4199: gcc -o conftest -O3 -arch m68k -arch i386 -arch hppa -arch sparc  -posix  -posix -arch m68k -arch i386 -arch hppa -arch sparc  conftest.c  >&5
configure:4205: $? = 0
configure:4209: test -z 
			 || test ! -s conftest.err
configure:4212: $? = 0
configure:4215: test -s conftest
configure:4218: $? = 0
configure:4230: result: yes
configure:4142: checking for sigvec
configure:4199: gcc -o conftest -O3 -arch m68k -arch i386 -arch hppa -arch sparc  -posix  -posix -arch m68k -arch i386 -arch hppa -arch sparc  conftest.c  >&5
configure:4205: $? = 0
configure:4209: test -z 
			 || test ! -s conftest.err
configure:4212: $? = 0
configure:4215: test -s conftest
configure:4218: $? = 0
configure:4230: result: yes
configure:4142: checking for strerror
configure:4199: gcc -o conftest -O3 -arch m68k -arch i386 -arch hppa -arch sparc  -posix  -posix -arch m68k -arch i386 -arch hppa -arch sparc  conftest.c  >&5
configure:4205: $? = 0
configure:4209: test -z 
			 || test ! -s conftest.err
configure:4212: $? = 0
configure:4215: test -s conftest
configure:4218: $? = 0
configure:4230: result: yes
configure:4142: checking for tmpfile
configure:4199: gcc -o conftest -O3 -arch m68k -arch i386 -arch hppa -arch sparc  -posix  -posix -arch m68k -arch i386 -arch hppa -arch sparc  conftest.c  >&5
configure:4205: $? = 0
configure:4209: test -z 
			 || test ! -s conftest.err
configure:4212: $? = 0
configure:4215: test -s conftest
configure:4218: $? = 0
configure:4230: result: yes
configure:4242: checking for working alloca.h
configure:4263: gcc -o conftest -O3 -arch m68k -arch i386 -arch hppa -arch sparc  -posix  -posix -arch m68k -arch i386 -arch hppa -arch sparc  conftest.c  >&5
For architecture m68k:
conftest.c:31: header file 'alloca.h' not found
configure:4269: $? = 1
configure: failed program was:
| /* confdefs.h.  */
| 
| #define PACKAGE_NAME "GNU M4"
| #define PACKAGE_TARNAME "m4"
| #define PACKAGE_VERSION "1.4.4"
| #define PACKAGE_STRING "GNU M4 1.4.4"
| #define PACKAGE_BUGREPORT "bug-m4@gnu.org"
| #define STDC_HEADERS 1
| #define HAVE_SYS_TYPES_H 1
| #define HAVE_SYS_STAT_H 1
| #define HAVE_STDLIB_H 1
| #define HAVE_STRING_H 1
| #define HAVE_MEMORY_H 1
| #define HAVE_STRINGS_H 1
| #define HAVE_UNISTD_H 1
| #define PROTOTYPES 1
| #define HAVE_LIMITS_H 1
| #define HAVE_MEMORY_H 1
| #define HAVE_STRING_H 1
| #define HAVE_UNISTD_H 1
| #define HAVE_SIGNAL_H 1
| #define STDC_HEADERS 1
| #define RETSIGTYPE void
| #define HAVE_MKSTEMP 1
| #define HAVE_SIGACTION 1
| #define HAVE_SIGSTACK 1
| #define HAVE_SIGVEC 1
| #define HAVE_STRERROR 1
| #define HAVE_TMPFILE 1
| /* end confdefs.h.  */
| #include <alloca.h>
| int
| main ()
| {
| char *p = (char *) alloca (2 * sizeof (int));
|   ;
|   return 0;
| }
configure:4294: result: no
configure:4304: checking for alloca
configure:4345: gcc -o conftest -O3 -arch m68k -arch i386 -arch hppa -arch sparc  -posix  -posix -arch m68k -arch i386 -arch hppa -arch sparc  conftest.c  >&5
configure:4351: $? = 0
configure:4355: test -z 
			 || test ! -s conftest.err
configure:4358: $? = 0
configure:4361: test -s conftest
configure:4364: $? = 0
configure:4376: result: yes
configure:4603: checking for vprintf
configure:4660: gcc -o conftest -O3 -arch m68k -arch i386 -arch hppa -arch sparc  -posix  -posix -arch m68k -arch i386 -arch hppa -arch sparc  conftest.c  >&5
configure:4666: $? = 0
configure:4670: test -z 
			 || test ! -s conftest.err
configure:4673: $? = 0
configure:4676: test -s conftest
configure:4679: $? = 0
configure:4691: result: yes
configure:4698: checking for _doprnt
configure:4755: gcc -o conftest -O3 -arch m68k -arch i386 -arch hppa -arch sparc  -posix  -posix -arch m68k -arch i386 -arch hppa -arch sparc  conftest.c  >&5
configure:4761: $? = 0
configure:4765: test -z 
			 || test ! -s conftest.err
configure:4768: $? = 0
configure:4771: test -s conftest
configure:4774: $? = 0
configure:4786: result: yes
configure:4804: checking for strtol
configure:4861: gcc -o conftest -O3 -arch m68k -arch i386 -arch hppa -arch sparc  -posix  -posix -arch m68k -arch i386 -arch hppa -arch sparc  conftest.c  >&5
configure:4867: $? = 0
configure:4871: test -z 
			 || test ! -s conftest.err
configure:4874: $? = 0
configure:4877: test -s conftest
configure:4880: $? = 0
configure:4892: result: yes
configure:4914: checking ecvt declaration
configure:4936: result: no
configure:4941: checking for ecvt
configure:4998: gcc -o conftest -O3 -arch m68k -arch i386 -arch hppa -arch sparc  -posix  -posix -arch m68k -arch i386 -arch hppa -arch sparc  conftest.c  >&5
configure:5004: $? = 0
configure:5008: test -z 
			 || test ! -s conftest.err
configure:5011: $? = 0
configure:5014: test -s conftest
configure:5017: $? = 0
configure:5029: result: yes
configure:5044: checking if stack overflow is detectable
configure:5075: gcc -o conftest -O3 -arch m68k -arch i386 -arch hppa -arch sparc  -posix  -posix -arch m68k -arch i386 -arch hppa -arch sparc  conftest.c  >&5
configure:5081: $? = 0
configure:5085: test -z 
			 || test ! -s conftest.err
configure:5088: $? = 0
configure:5091: test -s conftest
configure:5094: $? = 0
configure:5106: result: yes
configure:5182: checking if changeword is wanted
configure:5200: result: no
configure:5204: checking if malloc debugging is wanted
configure:5225: result: no
configure:5331: creating ./config.status

## ---------------------- ##
## Running config.status. ##
## ---------------------- ##

This file was extended by GNU M4 config.status 1.4.4, which was
generated by GNU Autoconf 2.59.  Invocation command line was

  CONFIG_FILES    = 
  CONFIG_HEADERS  = 
  CONFIG_LINKS    = 
  CONFIG_COMMANDS = 
  $ ./config.status 

on dauntless

config.status:665: creating stamp-h
config.status:665: creating Makefile
config.status:665: creating doc/Makefile
config.status:665: creating lib/Makefile
config.status:665: creating src/Makefile
config.status:665: creating checks/Makefile
config.status:665: creating examples/Makefile
config.status:773: creating config.h

## ---------------- ##
## Cache variables. ##
## ---------------- ##

ac_cv_c_compiler_gnu=yes
ac_cv_c_const=yes
ac_cv_env_CC_set=
ac_cv_env_CC_value=
ac_cv_env_CFLAGS_set=set
ac_cv_env_CFLAGS_value='-O3 -arch m68k -arch i386 -arch hppa -arch sparc  -posix'
ac_cv_env_CPPFLAGS_set=
ac_cv_env_CPPFLAGS_value=
ac_cv_env_CPP_set=
ac_cv_env_CPP_value=
ac_cv_env_LDFLAGS_set=set
ac_cv_env_LDFLAGS_value='-posix -arch m68k -arch i386 -arch hppa -arch sparc '
ac_cv_env_build_alias_set=
ac_cv_env_build_alias_value=
ac_cv_env_host_alias_set=
ac_cv_env_host_alias_value=
ac_cv_env_target_alias_set=
ac_cv_env_target_alias_value=
ac_cv_exeext=
ac_cv_func__doprnt=yes
ac_cv_func_alloca_works=yes
ac_cv_func_ecvt=yes
ac_cv_func_mkstemp=yes
ac_cv_func_sigaction=yes
ac_cv_func_sigaltstack=no
ac_cv_func_sigstack=yes
ac_cv_func_sigvec=yes
ac_cv_func_strerror=yes
ac_cv_func_strtol=yes
ac_cv_func_tmpfile=yes
ac_cv_func_vprintf=yes
ac_cv_header_inttypes_h=no
ac_cv_header_limits_h=yes
ac_cv_header_memory_h=yes
ac_cv_header_minix_config_h=no
ac_cv_header_siginfo_h=no
ac_cv_header_signal_h=yes
ac_cv_header_stdc=yes
ac_cv_header_stdint_h=no
ac_cv_header_stdlib_h=yes
ac_cv_header_string_h=yes
ac_cv_header_strings_h=yes
ac_cv_header_sys_stat_h=yes
ac_cv_header_sys_types_h=yes
ac_cv_header_unistd_h=yes
ac_cv_objext=o
ac_cv_path_install='/usr/bin/install -c'
ac_cv_prog_AWK=gawk
ac_cv_prog_CPP='gcc -E -traditional-cpp'
ac_cv_prog_ac_ct_CC=gcc
ac_cv_prog_ac_ct_RANLIB=ranlib
ac_cv_prog_cc_g=yes
ac_cv_prog_cc_stdc=
ac_cv_prog_egrep='grep -E'
ac_cv_prog_make_make_set=yes
ac_cv_search_strerror='none required'
ac_cv_type_signal=void
ac_cv_type_size_t=yes
ac_cv_working_alloca_h=no

## ----------------- ##
## Output variables. ##
## ----------------- ##

ALLOCA=''
ANSI2KNR=''
AWK='gawk'
CC='gcc'
CFLAGS='-O3 -arch m68k -arch i386 -arch hppa -arch sparc  -posix'
CPP='gcc -E -traditional-cpp'
CPPFLAGS=''
DEFS='-DHAVE_CONFIG_H'
ECHO_C=''
ECHO_N='-n'
ECHO_T=''
EGREP='grep -E'
EXEEXT=''
INSTALL_DATA='${INSTALL} -m 644'
INSTALL_PROGRAM='${INSTALL}'
INSTALL_SCRIPT='${INSTALL}'
LDFLAGS='-posix -arch m68k -arch i386 -arch hppa -arch sparc '
LIBOBJS=''
LIBS=''
LTLIBOBJS=''
OBJEXT='o'
PACKAGE='m4'
PACKAGE_BUGREPORT='bug-m4@gnu.org'
PACKAGE_NAME='GNU M4'
PACKAGE_STRING='GNU M4 1.4.4'
PACKAGE_TARNAME='m4'
PACKAGE_VERSION='1.4.4'
PATH_SEPARATOR=':'
RANLIB='ranlib'
SET_MAKE=''
SHELL='/usr/gnu/bin/bash'
STACKOVF='stackovf.o'
U=''
VERSION='1.4.4'
ac_ct_CC='gcc'
ac_ct_RANLIB='ranlib'
bindir='${exec_prefix}/bin'
build_alias=''
datadir='${prefix}/share'
exec_prefix='${prefix}'
host_alias=''
includedir='${prefix}/include'
infodir='${prefix}/info'
libdir='${exec_prefix}/lib'
libexecdir='${exec_prefix}/libexec'
localstatedir='${prefix}/var'
mandir='${prefix}/man'
oldincludedir='/usr/include'
prefix='/tmp/m4_build'
program_transform_name='s,x,x,'
sbindir='${exec_prefix}/sbin'
sharedstatedir='${prefix}/com'
sysconfdir='${prefix}/etc'
target_alias=''

## ----------- ##
## confdefs.h. ##
## ----------- ##

#define HAVE_ALLOCA 1
#define HAVE_DOPRNT 1
#define HAVE_ECVT 1
#define HAVE_LIMITS_H 1
#define HAVE_MEMORY_H 1
#define HAVE_MEMORY_H 1
#define HAVE_MKSTEMP 1
#define HAVE_SIGACTION 1
#define HAVE_SIGCONTEXT 1
#define HAVE_SIGNAL_H 1
#define HAVE_SIGSTACK 1
#define HAVE_SIGVEC 1
#define HAVE_STDLIB_H 1
#define HAVE_STRERROR 1
#define HAVE_STRINGS_H 1
#define HAVE_STRING_H 1
#define HAVE_STRING_H 1
#define HAVE_STRTOL 1
#define HAVE_SYS_STAT_H 1
#define HAVE_SYS_TYPES_H 1
#define HAVE_TMPFILE 1
#define HAVE_UNISTD_H 1
#define HAVE_UNISTD_H 1
#define HAVE_VPRINTF 1
#define PACKAGE_BUGREPORT "bug-m4@gnu.org"
#define PACKAGE_NAME "GNU M4"
#define PACKAGE_STRING "GNU M4 1.4.4"
#define PACKAGE_TARNAME "m4"
#define PACKAGE_VERSION "1.4.4"
#define PROTOTYPES 1
#define RETSIGTYPE void
#define STDC_HEADERS 1
#define STDC_HEADERS 1
#define USE_STACKOVF 1
#define rlim_t int
#define stack_t struct sigaltstack

configure: exit 0
