This file contains any messages produced by compilers while
running configure, to aid debugging if configure makes a mistake.

configure:617: checking host system type
configure:1038: checking for gcc
configure:1151: checking whether the C compiler (gcc  ) works
configure:1167: gcc -o conftest    conftest.c  1>&5
configure:1193: checking whether the C compiler (gcc  ) is a cross-compiler
configure:1198: checking whether we are using GNU C
configure:1207: gcc -E conftest.c
configure:1226: checking whether gcc accepts -g
configure:1263: checking whether large file support needs explicit enabling
configure:1365: checking how to run the C preprocessor
configure:1386: gcc -E  conftest.c >/dev/null 2>conftest.out
configure:1382: undefined type, found `Syntax'
configure:1382: illegal external declaration, missing `;' after `Error'
configure: failed program was:
#line 1380 "configure"
#include "confdefs.h"
#include <assert.h>
Syntax Error
configure:1403: gcc -E -traditional-cpp  conftest.c >/dev/null 2>conftest.out
configure:1445: checking whether gcc needs -traditional
configure:1470: termio.h: No such file or directory
configure:1490: checking for working const
configure:1544: gcc -c  -Wall -Wmissing-prototypes -O2  conftest.c 1>&5
configure: In function `main':
configure:1518: warning: unused variable `s'
configure:1538: warning: unused variable `foo'
configure:1506: warning: unused variable `zero'
configure:1500: warning: unused variable `x'
configure:1517: warning: `t' may be used uninitialized in this function
configure:1535: warning: `b' may be used uninitialized in this function
configure:1565: checking for Cygwin environment
configure:1581: gcc -c  -Wall -Wmissing-prototypes -O2  conftest.c 1>&5
configure: In function `main':
configure:1577: `__CYGWIN32__' undeclared (first use this function)
configure:1577: (Each undeclared identifier is reported only once
configure:1577: for each function it appears in.)
configure: failed program was:
#line 1570 "configure"
#include "confdefs.h"

int main() {

#ifndef __CYGWIN__
#define __CYGWIN__ __CYGWIN32__
#endif
return __CYGWIN__;
; return 0; }
configure:1598: checking for mingw32 environment
configure:1610: gcc -c  -Wall -Wmissing-prototypes -O2  conftest.c 1>&5
configure: In function `main':
configure:1606: `__MINGW32__' undeclared (first use this function)
configure:1606: (Each undeclared identifier is reported only once
configure:1606: for each function it appears in.)
configure: failed program was:
#line 1603 "configure"
#include "confdefs.h"

int main() {
return __MINGW32__;
; return 0; }
configure:1629: checking for executable suffix
configure:1639: gcc -o conftest  -Wall -Wmissing-prototypes -O2   conftest.c  1>&5
configure:1660: checking for gcc option to accept ANSI C
configure:1691: gcc -c  -Wall -Wmissing-prototypes -O2   conftest.c 1>&5
configure:1711: checking whether to use prototypes
configure:1738: checking for working alloca.h
configure:1750: gcc -o conftest  -Wall -Wmissing-prototypes -O2   conftest.c  1>&5
configure:1744: header file 'alloca.h' not found
configure: failed program was:
#line 1743 "configure"
#include "confdefs.h"
#include <alloca.h>
int main() {
char *p = alloca(2 * sizeof(int));
; return 0; }
configure:1771: checking for alloca
configure:1804: gcc -o conftest  -Wall -Wmissing-prototypes -O2   conftest.c  1>&5
configure: In function `main':
configure:1800: warning: unused variable `p'
configure:1970: checking if the compiler supports union initialisation
configure:1982: gcc -c  -Wall -Wmissing-prototypes -O2  conftest.c 1>&5
configure:2003: checking if signed to unsigned casting is broken
configure:2015: gcc -o conftest  -Wall -Wmissing-prototypes -O2   conftest.c  1>&5
configure:2012: warning: return-type defaults to `int'
configure: failed program was:
#line 2011 "configure"
#include "confdefs.h"
main(){return((int)(unsigned char)((char) -1) == 255);}
configure:2038: checking if the compiler supports variable-length arrays
configure:2050: gcc -c  -Wall -Wmissing-prototypes -O2  conftest.c 1>&5
configure: In function `main':
configure:2046: warning: unused variable `a'
configure:2046: warning: unused variable `i'
configure:2071: checking what to set MAXJOB to
configure:2137: checking whether make sets ${MAKE}
configure:2174: checking for a BSD compatible install
configure:2230: checking for mawk
configure:2230: checking for gawk
configure:2259: checking whether ln works
configure:2285: checking for yodl
configure:2320: checking for ansi2knr
configure:2366: checking for dirent.h that defines DIR
configure:2379: gcc -c  -Wall -Wmissing-prototypes -O2  conftest.c 1>&5
configure:2375: undefined type, found `DIR'
configure: failed program was:
#line 2371 "configure"
#include "confdefs.h"
#include <sys/types.h>
#include <dirent.h>
int main() {
DIR *dirp = 0;
; return 0; }
configure:2366: checking for sys/ndir.h that defines DIR
configure:2379: gcc -c  -Wall -Wmissing-prototypes -O2  conftest.c 1>&5
configure:2373: header file 'sys/ndir.h' not found
configure:2375: undefined type, found `DIR'
configure: failed program was:
#line 2371 "configure"
#include "confdefs.h"
#include <sys/types.h>
#include <sys/ndir.h>
int main() {
DIR *dirp = 0;
; return 0; }
configure:2366: checking for sys/dir.h that defines DIR
configure:2379: gcc -c  -Wall -Wmissing-prototypes -O2  conftest.c 1>&5
configure: In function `main':
configure:2375: warning: unused variable `dirp'
configure:2445: checking for opendir in -lx
configure:2464: gcc -o conftest  -Wall -Wmissing-prototypes -O2   conftest.c -lx   1>&5
ld: can't locate file for: -lx
configure: failed program was:
#line 2453 "configure"
#include "confdefs.h"
/* Override any gcc2 internal prototype to avoid an error.  */
/* We use char because int might match the return type of a gcc2
    builtin and then its argument prototype would still apply.  */
char opendir();

int main() {
opendir()
; return 0; }
configure:2487: checking for ANSI C header files
configure:2500: gcc -E -traditional-cpp  conftest.c >/dev/null 2>conftest.out
configure:2567: gcc -o conftest  -Wall -Wmissing-prototypes -O2   conftest.c  1>&5
configure:2591: checking whether time.h and sys/time.h may both be included
configure:2605: gcc -c  -Wall -Wmissing-prototypes -O2  conftest.c 1>&5
configure: In function `main':
configure:2601: warning: unused variable `tp'
configure:2626: checking whether stat file-mode macros are broken
configure:2682: checking for sys/wait.h that is POSIX.1 compatible
configure:2703: gcc -c  -Wall -Wmissing-prototypes -O2  conftest.c 1>&5
configure: In function `main':
configure:2698: warning: passing arg 1 of `wait' from incompatible pointer type
configure:2699: request for member `w_S' in something not a structure or union
configure:2699: request for member `w_T' in something not a structure or union
configure: failed program was:
#line 2687 "configure"
#include "confdefs.h"
#include <sys/types.h>
#include <sys/wait.h>
#ifndef WEXITSTATUS
#define WEXITSTATUS(stat_val) ((unsigned)(stat_val) >> 8)
#endif
#ifndef WIFEXITED
#define WIFEXITED(stat_val) (((stat_val) & 255) == 0)
#endif
int main() {
int s;
wait (&s);
s = WIFEXITED (s) ? WEXITSTATUS (s) : 1;
; return 0; }
configure:2732: checking for sys/time.h
configure:2742: gcc -E -traditional-cpp  conftest.c >/dev/null 2>conftest.out
configure:2732: checking for sys/times.h
configure:2742: gcc -E -traditional-cpp  conftest.c >/dev/null 2>conftest.out
configure:2732: checking for sys/select.h
configure:2742: gcc -E -traditional-cpp  conftest.c >/dev/null 2>conftest.out
configure:2738: sys/select.h: No such file or directory
configure: failed program was:
#line 2737 "configure"
#include "confdefs.h"
#include <sys/select.h>
configure:2732: checking for termcap.h
configure:2742: gcc -E -traditional-cpp  conftest.c >/dev/null 2>conftest.out
configure:2738: termcap.h: No such file or directory
configure: failed program was:
#line 2737 "configure"
#include "confdefs.h"
#include <termcap.h>
configure:2732: checking for termio.h
configure:2742: gcc -E -traditional-cpp  conftest.c >/dev/null 2>conftest.out
configure:2738: termio.h: No such file or directory
configure: failed program was:
#line 2737 "configure"
#include "confdefs.h"
#include <termio.h>
configure:2732: checking for termios.h
configure:2742: gcc -E -traditional-cpp  conftest.c >/dev/null 2>conftest.out
configure:2732: checking for sys/param.h
configure:2742: gcc -E -traditional-cpp  conftest.c >/dev/null 2>conftest.out
configure:2732: checking for sys/filio.h
configure:2742: gcc -E -traditional-cpp  conftest.c >/dev/null 2>conftest.out
configure:2738: sys/filio.h: No such file or directory
configure: failed program was:
#line 2737 "configure"
#include "confdefs.h"
#include <sys/filio.h>
configure:2732: checking for string.h
configure:2742: gcc -E -traditional-cpp  conftest.c >/dev/null 2>conftest.out
configure:2732: checking for memory.h
configure:2742: gcc -E -traditional-cpp  conftest.c >/dev/null 2>conftest.out
configure:2732: checking for limits.h
configure:2742: gcc -E -traditional-cpp  conftest.c >/dev/null 2>conftest.out
configure:2732: checking for fcntl.h
configure:2742: gcc -E -traditional-cpp  conftest.c >/dev/null 2>conftest.out
configure:2732: checking for libc.h
configure:2742: gcc -E -traditional-cpp  conftest.c >/dev/null 2>conftest.out
configure:2732: checking for sys/utsname.h
configure:2742: gcc -E -traditional-cpp  conftest.c >/dev/null 2>conftest.out
configure:2732: checking for sys/resource.h
configure:2742: gcc -E -traditional-cpp  conftest.c >/dev/null 2>conftest.out
configure:2732: checking for locale.h
configure:2742: gcc -E -traditional-cpp  conftest.c >/dev/null 2>conftest.out
configure:2732: checking for errno.h
configure:2742: gcc -E -traditional-cpp  conftest.c >/dev/null 2>conftest.out
configure:2732: checking for stdlib.h
configure:2742: gcc -E -traditional-cpp  conftest.c >/dev/null 2>conftest.out
configure:2732: checking for unistd.h
configure:2742: gcc -E -traditional-cpp  conftest.c >/dev/null 2>conftest.out
configure:2732: checking for sys/capability.h
configure:2742: gcc -E -traditional-cpp  conftest.c >/dev/null 2>conftest.out
configure:2738: sys/capability.h: No such file or directory
configure: failed program was:
#line 2737 "configure"
#include "confdefs.h"
#include <sys/capability.h>
configure:2732: checking for utmp.h
configure:2742: gcc -E -traditional-cpp  conftest.c >/dev/null 2>conftest.out
configure:2732: checking for utmpx.h
configure:2742: gcc -E -traditional-cpp  conftest.c >/dev/null 2>conftest.out
configure:2738: utmpx.h: No such file or directory
configure: failed program was:
#line 2737 "configure"
#include "confdefs.h"
#include <utmpx.h>
configure:2732: checking for sys/types.h
configure:2742: gcc -E -traditional-cpp  conftest.c >/dev/null 2>conftest.out
configure:2732: checking for pwd.h
configure:2742: gcc -E -traditional-cpp  conftest.c >/dev/null 2>conftest.out
configure:2732: checking for grp.h
configure:2742: gcc -E -traditional-cpp  conftest.c >/dev/null 2>conftest.out
configure:2732: checking for poll.h
configure:2742: gcc -E -traditional-cpp  conftest.c >/dev/null 2>conftest.out
configure:2738: poll.h: No such file or directory
configure: failed program was:
#line 2737 "configure"
#include "confdefs.h"
#include <poll.h>
configure:2732: checking for sys/mman.h
configure:2742: gcc -E -traditional-cpp  conftest.c >/dev/null 2>conftest.out
configure:2732: checking for netinet/in_systm.h
configure:2742: gcc -E -traditional-cpp  conftest.c >/dev/null 2>conftest.out
configure:2773: checking for dlfcn.h
configure:2783: gcc -E -traditional-cpp  conftest.c >/dev/null 2>conftest.out
configure:2779: dlfcn.h: No such file or directory
configure: failed program was:
#line 2778 "configure"
#include "confdefs.h"
#include <dlfcn.h>
configure:2813: checking for dl.h
configure:2823: gcc -E -traditional-cpp  conftest.c >/dev/null 2>conftest.out
configure:2819: dl.h: No such file or directory
configure: failed program was:
#line 2818 "configure"
#include "confdefs.h"
#include <dl.h>
configure:2888: checking POSIX termios
configure:2903: gcc -o conftest  -Wall -Wmissing-prototypes -O2   conftest.c  1>&5
ld: Undefined symbols:
_tcgetattr
configure: failed program was:
#line 2893 "configure"
#include "confdefs.h"
#include <sys/types.h>
#include <unistd.h>
#include <termios.h>
int main() {
/* SunOS 4.0.3 has termios.h but not the library calls.  */
tcgetattr(0, 0);
; return 0; }
configure:2951: checking TIOCGWINSZ in sys/ioctl.h
configure:2964: gcc -o conftest  -Wall -Wmissing-prototypes -O2   conftest.c  1>&5
configure: In function `main':
configure:2960: warning: unused variable `x'
configure:2987: checking for sys/ptem.h
configure:2997: gcc -E -traditional-cpp  conftest.c >/dev/null 2>conftest.out
configure:2993: sys/ptem.h: No such file or directory
configure: failed program was:
#line 2992 "configure"
#include "confdefs.h"
#include <sys/ptem.h>
configure:3024: checking for printf in -lc
configure:3043: gcc -o conftest  -Wall -Wmissing-prototypes -O2   conftest.c -lc   1>&5
ld: can't locate file for: -lc
configure: failed program was:
#line 3032 "configure"
#include "confdefs.h"
/* Override any gcc2 internal prototype to avoid an error.  */
/* We use char because int might match the return type of a gcc2
    builtin and then its argument prototype would still apply.  */
char printf();

int main() {
printf()
; return 0; }
configure:3065: checking for pow in -lm
configure:3084: gcc -o conftest  -Wall -Wmissing-prototypes -O2   conftest.c -lm   1>&5
configure:3192: checking for library containing tgetent
configure:3210: gcc -o conftest  -Wall -Wmissing-prototypes -O2   conftest.c -lm  1>&5
ld: Undefined symbols:
_tgetent
configure: failed program was:
#line 3199 "configure"
#include "confdefs.h"
/* Override any gcc2 internal prototype to avoid an error.  */
/* We use char because int might match the return type of a gcc2
    builtin and then its argument prototype would still apply.  */
char tgetent();

int main() {
tgetent()
; return 0; }
configure:3232: gcc -o conftest  -Wall -Wmissing-prototypes -O2   conftest.c -ltermcap  -lm  1>&5
configure:3579: checking for library containing yp_all
configure:3597: gcc -o conftest  -Wall -Wmissing-prototypes -O2   conftest.c -ltermcap -lm  1>&5
configure:3646: checking for dlopen in -ldl
configure:3665: gcc -o conftest  -Wall -Wmissing-prototypes -O2   conftest.c -ldl  -ltermcap -lm  1>&5
ld: can't locate file for: -ldl
configure: failed program was:
#line 3654 "configure"
#include "confdefs.h"
/* Override any gcc2 internal prototype to avoid an error.  */
/* We use char because int might match the return type of a gcc2
    builtin and then its argument prototype would still apply.  */
char dlopen();

int main() {
dlopen()
; return 0; }
configure:3695: checking for cap_get_proc in -lcap
configure:3714: gcc -o conftest  -Wall -Wmissing-prototypes -O2   conftest.c -lcap  -ltermcap -lm  1>&5
ld: can't locate file for: -lcap
configure: failed program was:
#line 3703 "configure"
#include "confdefs.h"
/* Override any gcc2 internal prototype to avoid an error.  */
/* We use char because int might match the return type of a gcc2
    builtin and then its argument prototype would still apply.  */
char cap_get_proc();

int main() {
cap_get_proc()
; return 0; }
configure:3743: checking for socket in -lsocket
configure:3762: gcc -o conftest  -Wall -Wmissing-prototypes -O2   conftest.c -lsocket  -ltermcap -lm  1>&5
ld: can't locate file for: -lsocket
configure: failed program was:
#line 3751 "configure"
#include "confdefs.h"
/* Override any gcc2 internal prototype to avoid an error.  */
/* We use char because int might match the return type of a gcc2
    builtin and then its argument prototype would still apply.  */
char socket();

int main() {
socket()
; return 0; }
configure:3791: checking if an include file defines ospeed
configure:3809: gcc -o conftest  -Wall -Wmissing-prototypes -O2   conftest.c -ltermcap -lm  1>&5
configure: In function `main':
configure:3805: `ospeed' undeclared (first use this function)
configure:3805: (Each undeclared identifier is reported only once
configure:3805: for each function it appears in.)
configure: failed program was:
#line 3796 "configure"
#include "confdefs.h"
#include <sys/types.h>
#if HAVE_TERMIOS_H
#include <termios.h>
#endif
#if HAVE_TERMCAP_H
#include <termcap.h>
#endif
int main() {
ospeed = 0;
; return 0; }
configure:3825: checking if you must define ospeed
configure:3837: gcc -o conftest  -Wall -Wmissing-prototypes -O2   conftest.c -ltermcap -lm  1>&5
ld: Undefined symbols:
_ospeed
configure: failed program was:
#line 3830 "configure"
#include "confdefs.h"

int main() {
extern short ospeed; ospeed = 0;
; return 0; }
configure:3870: checking return type of signal handlers
configure:3892: gcc -c  -Wall -Wmissing-prototypes -O2  conftest.c 1>&5
configure: In function `main':
configure:3888: warning: unused variable `i'
configure:3911: checking for pid_t
configure:3944: checking for off_t
configure:3977: checking for ino_t
configure:4010: checking for mode_t
configure:4043: checking for uid_t in sys/types.h
configure:4077: checking for size_t
configure:4111: checking if long is 64 bits
configure:4123: gcc -o conftest  -Wall -Wmissing-prototypes -O2   conftest.c -ltermcap -lm  1>&5
configure: failed program was:
#line 4119 "configure"
#include "confdefs.h"
int main() { return sizeof(long) < 8; }
configure:4146: checking if off_t is 64 bit
configure:4162: gcc -o conftest  -Wall -Wmissing-prototypes -O2   conftest.c -ltermcap -lm  1>&5
configure:4158: warning: return-type defaults to `int'
configure: failed program was:
#line 4154 "configure"
#include "confdefs.h"

#include <sys/types.h>

main() { return sizeof(off_t) < 8; }

configure:4185: checking if ino_t is 64 bit
configure:4201: gcc -o conftest  -Wall -Wmissing-prototypes -O2   conftest.c -ltermcap -lm  1>&5
configure:4197: warning: return-type defaults to `int'
configure: failed program was:
#line 4193 "configure"
#include "confdefs.h"

#include <sys/types.h>

main() { return sizeof(ino_t) < 8; }

configure:4226: checking if compiler has a 64 bit type
configure:4291: gcc -o conftest  -Wall -Wmissing-prototypes -O2   conftest.c -ltermcap -lm  1>&5
configure:4283: warning: return-type defaults to `int'
configure: In function `main':
configure:4285: warning: unused variable `bar'
configure:4430: checking for a corresponding unsigned 64 bit type
configure:4457: gcc -o conftest  -Wall -Wmissing-prototypes -O2   conftest.c -ltermcap -lm  1>&5
configure:4449: warning: return-type defaults to `int'
configure: In function `main':
configure:4451: warning: unused variable `bar'
configure:4522: checking for sigset_t
configure:4535: gcc -c  -Wall -Wmissing-prototypes -O2  conftest.c 1>&5
configure:4531: undefined type, found `sigset_t'
configure: failed program was:
#line 4527 "configure"
#include "confdefs.h"
#include <sys/types.h>
#include <signal.h>
int main() {
sigset_t tempsigset;
; return 0; }
configure:4556: checking for struct timezone
configure:4572: gcc -c  -Wall -Wmissing-prototypes -O2  conftest.c 1>&5
configure: In function `main':
configure:4568: warning: unused variable `testvar'
configure:4595: checking for struct utmp
configure:4614: gcc -c  -Wall -Wmissing-prototypes -O2  conftest.c 1>&5
configure: In function `main':
configure:4610: warning: unused variable `testvar'
configure:4636: checking for struct utmpx
configure:4655: gcc -c  -Wall -Wmissing-prototypes -O2  conftest.c 1>&5
configure: In function `main':
configure:4651: storage size of `testvar' isn't known
configure:4651: warning: unused variable `testvar'
configure: failed program was:
#line 4641 "configure"
#include "confdefs.h"

#ifdef HAVE_SYS_TYPES_H
# include <sys/types.h>
#endif
#ifdef HAVE_UTMPX_H
# include <utmpx.h>
#endif

int main() {
struct utmpx testvar;
; return 0; }
configure:4678: checking for ut_host in struct utmp
configure:4697: gcc -c  -Wall -Wmissing-prototypes -O2  conftest.c 1>&5
configure: In function `main':
configure:4693: warning: statement with no effect
configure:4719: checking for ut_host in struct utmpx
configure:4738: gcc -c  -Wall -Wmissing-prototypes -O2  conftest.c 1>&5
configure: In function `main':
configure:4734: storage size of `testvar' isn't known
configure:4734: warning: unused variable `testvar'
configure: failed program was:
#line 4724 "configure"
#include "confdefs.h"

#ifdef HAVE_SYS_TYPES_H
# include <sys/types.h>
#endif
#ifdef HAVE_UTMPX_H
# include <utmpx.h>
#endif

int main() {
struct utmpx testvar; testvar.ut_host;
; return 0; }
configure:4760: checking for ut_xtime in struct utmpx
configure:4779: gcc -c  -Wall -Wmissing-prototypes -O2  conftest.c 1>&5
configure: In function `main':
configure:4775: storage size of `testvar' isn't known
configure:4775: warning: unused variable `testvar'
configure: failed program was:
#line 4765 "configure"
#include "confdefs.h"

#ifdef HAVE_SYS_TYPES_H
# include <sys/types.h>
#endif
#ifdef HAVE_UTMPX_H
# include <utmpx.h>
#endif

int main() {
struct utmpx testvar; testvar.ut_xtime;
; return 0; }
configure:4801: checking for ut_tv in struct utmpx
configure:4820: gcc -c  -Wall -Wmissing-prototypes -O2  conftest.c 1>&5
configure: In function `main':
configure:4816: storage size of `testvar' isn't known
configure:4816: warning: unused variable `testvar'
configure: failed program was:
#line 4806 "configure"
#include "confdefs.h"

#ifdef HAVE_SYS_TYPES_H
# include <sys/types.h>
#endif
#ifdef HAVE_UTMPX_H
# include <utmpx.h>
#endif

int main() {
struct utmpx testvar; testvar.ut_tv;
; return 0; }
configure:4843: checking for d_ino in struct dirent
configure:4862: gcc -c  -Wall -Wmissing-prototypes -O2  conftest.c 1>&5
configure: In function `main':
configure:4858: storage size of `testvar' isn't known
configure:4858: warning: unused variable `testvar'
configure: failed program was:
#line 4848 "configure"
#include "confdefs.h"

#ifdef HAVE_SYS_TYPES_H
# include <sys/types.h>
#endif
#ifdef HAVE_DIRENT_H
# include <dirent.h>
#endif

int main() {
struct dirent testvar; testvar.d_ino;
; return 0; }
configure:4884: checking for d_stat in struct dirent
configure:4903: gcc -c  -Wall -Wmissing-prototypes -O2  conftest.c 1>&5
configure: In function `main':
configure:4899: storage size of `testvar' isn't known
configure:4899: warning: unused variable `testvar'
configure: failed program was:
#line 4889 "configure"
#include "confdefs.h"

#ifdef HAVE_SYS_TYPES_H
# include <sys/types.h>
#endif
#ifdef HAVE_DIRENT_H
# include <dirent.h>
#endif

int main() {
struct dirent testvar; testvar.d_stat;
; return 0; }
configure:4925: checking for d_ino in struct direct
configure:4950: gcc -c  -Wall -Wmissing-prototypes -O2  conftest.c 1>&5
configure: In function `main':
configure:4946: warning: statement with no effect
configure:4972: checking for d_stat in struct direct
configure:4997: gcc -c  -Wall -Wmissing-prototypes -O2  conftest.c 1>&5
configure: In function `main':
configure:4993: structure has no member named `d_stat'
configure: failed program was:
#line 4977 "configure"
#include "confdefs.h"

#ifdef HAVE_SYS_TYPES_H
# include <sys/types.h>
#endif
#ifdef HAVE_SYS_NDIR_H
# include <sys/ndir.h>
#endif
#ifdef HAVE_SYS_DIR_H
# include <sys/dir.h>
#endif
#ifdef HAVE_NDIR_H
# include <ndir.h>
#endif

int main() {
struct direct testvar; testvar.d_stat;
; return 0; }
configure:5020: checking for sin6_scope_id in struct sockaddr_in6
configure:5037: gcc -c  -Wall -Wmissing-prototypes -O2  conftest.c 1>&5
configure: In function `main':
configure:5033: storage size of `testvar' isn't known
configure:5033: warning: unused variable `testvar'
configure: failed program was:
#line 5025 "configure"
#include "confdefs.h"

#ifdef HAVE_SYS_TYPES_H
# include <sys/types.h>
#endif
#include <netinet/in.h>

int main() {
struct sockaddr_in6 testvar; testvar.sin6_scope_id;
; return 0; }
configure:5060: checking if we need our own h_errno
configure:5072: gcc -o conftest  -Wall -Wmissing-prototypes -O2   conftest.c -ltermcap -lm  1>&5
configure:5120: checking for strftime
configure:5148: gcc -o conftest  -Wall -Wmissing-prototypes -O2   conftest.c -ltermcap -lm  1>&5
configure:5120: checking for difftime
configure:5148: gcc -o conftest  -Wall -Wmissing-prototypes -O2   conftest.c -ltermcap -lm  1>&5
configure:5120: checking for gettimeofday
configure:5148: gcc -o conftest  -Wall -Wmissing-prototypes -O2   conftest.c -ltermcap -lm  1>&5
configure:5120: checking for select
configure:5148: gcc -o conftest  -Wall -Wmissing-prototypes -O2   conftest.c -ltermcap -lm  1>&5
configure:5120: checking for poll
configure:5148: gcc -o conftest  -Wall -Wmissing-prototypes -O2   conftest.c -ltermcap -lm  1>&5
ld: Undefined symbols:
_poll
configure: failed program was:
#line 5125 "configure"
#include "confdefs.h"
/* System header to define __stub macros and hopefully few prototypes,
    which can conflict with char poll(); below.  */
#include <assert.h>
/* Override any gcc2 internal prototype to avoid an error.  */
/* We use char because int might match the return type of a gcc2
    builtin and then its argument prototype would still apply.  */
char poll();

int main() {

/* The GNU C library defines this for functions which it implements
    to always fail with ENOSYS.  Some functions are actually named
    something starting with __ and the normal name is an alias.  */
#if defined (__stub_poll) || defined (__stub___poll)
choke me
#else
poll();
#endif

; return 0; }
configure:5120: checking for readlink
configure:5148: gcc -o conftest  -Wall -Wmissing-prototypes -O2   conftest.c -ltermcap -lm  1>&5
configure:5120: checking for lstat
configure:5148: gcc -o conftest  -Wall -Wmissing-prototypes -O2   conftest.c -ltermcap -lm  1>&5
configure:5120: checking for lchown
configure:5148: gcc -o conftest  -Wall -Wmissing-prototypes -O2   conftest.c -ltermcap -lm  1>&5
ld: Undefined symbols:
_lchown
configure: failed program was:
#line 5125 "configure"
#include "confdefs.h"
/* System header to define __stub macros and hopefully few prototypes,
    which can conflict with char lchown(); below.  */
#include <assert.h>
/* Override any gcc2 internal prototype to avoid an error.  */
/* We use char because int might match the return type of a gcc2
    builtin and then its argument prototype would still apply.  */
char lchown();

int main() {

/* The GNU C library defines this for functions which it implements
    to always fail with ENOSYS.  Some functions are actually named
    something starting with __ and the normal name is an alias.  */
#if defined (__stub_lchown) || defined (__stub___lchown)
choke me
#else
lchown();
#endif

; return 0; }
configure:5120: checking for faccessx
configure:5148: gcc -o conftest  -Wall -Wmissing-prototypes -O2   conftest.c -ltermcap -lm  1>&5
ld: Undefined symbols:
_faccessx
configure: failed program was:
#line 5125 "configure"
#include "confdefs.h"
/* System header to define __stub macros and hopefully few prototypes,
    which can conflict with char faccessx(); below.  */
#include <assert.h>
/* Override any gcc2 internal prototype to avoid an error.  */
/* We use char because int might match the return type of a gcc2
    builtin and then its argument prototype would still apply.  */
char faccessx();

int main() {

/* The GNU C library defines this for functions which it implements
    to always fail with ENOSYS.  Some functions are actually named
    something starting with __ and the normal name is an alias.  */
#if defined (__stub_faccessx) || defined (__stub___faccessx)
choke me
#else
faccessx();
#endif

; return 0; }
configure:5120: checking for fchdir
configure:5148: gcc -o conftest  -Wall -Wmissing-prototypes -O2   conftest.c -ltermcap -lm  1>&5
ld: Undefined symbols:
_fchdir
configure: failed program was:
#line 5125 "configure"
#include "confdefs.h"
/* System header to define __stub macros and hopefully few prototypes,
    which can conflict with char fchdir(); below.  */
#include <assert.h>
/* Override any gcc2 internal prototype to avoid an error.  */
/* We use char because int might match the return type of a gcc2
    builtin and then its argument prototype would still apply.  */
char fchdir();

int main() {

/* The GNU C library defines this for functions which it implements
    to always fail with ENOSYS.  Some functions are actually named
    something starting with __ and the normal name is an alias.  */
#if defined (__stub_fchdir) || defined (__stub___fchdir)
choke me
#else
fchdir();
#endif

; return 0; }
configure:5120: checking for ftruncate
configure:5148: gcc -o conftest  -Wall -Wmissing-prototypes -O2   conftest.c -ltermcap -lm  1>&5
configure:5120: checking for fseeko
configure:5148: gcc -o conftest  -Wall -Wmissing-prototypes -O2   conftest.c -ltermcap -lm  1>&5
ld: Undefined symbols:
_fseeko
configure: failed program was:
#line 5125 "configure"
#include "confdefs.h"
/* System header to define __stub macros and hopefully few prototypes,
    which can conflict with char fseeko(); below.  */
#include <assert.h>
/* Override any gcc2 internal prototype to avoid an error.  */
/* We use char because int might match the return type of a gcc2
    builtin and then its argument prototype would still apply.  */
char fseeko();

int main() {

/* The GNU C library defines this for functions which it implements
    to always fail with ENOSYS.  Some functions are actually named
    something starting with __ and the normal name is an alias.  */
#if defined (__stub_fseeko) || defined (__stub___fseeko)
choke me
#else
fseeko();
#endif

; return 0; }
configure:5120: checking for ftello
configure:5148: gcc -o conftest  -Wall -Wmissing-prototypes -O2   conftest.c -ltermcap -lm  1>&5
ld: Undefined symbols:
_ftello
configure: failed program was:
#line 5125 "configure"
#include "confdefs.h"
/* System header to define __stub macros and hopefully few prototypes,
    which can conflict with char ftello(); below.  */
#include <assert.h>
/* Override any gcc2 internal prototype to avoid an error.  */
/* We use char because int might match the return type of a gcc2
    builtin and then its argument prototype would still apply.  */
char ftello();

int main() {

/* The GNU C library defines this for functions which it implements
    to always fail with ENOSYS.  Some functions are actually named
    something starting with __ and the normal name is an alias.  */
#if defined (__stub_ftello) || defined (__stub___ftello)
choke me
#else
ftello();
#endif

; return 0; }
configure:5120: checking for mkfifo
configure:5148: gcc -o conftest  -Wall -Wmissing-prototypes -O2   conftest.c -ltermcap -lm  1>&5
ld: Undefined symbols:
_mkfifo
configure: failed program was:
#line 5125 "configure"
#include "confdefs.h"
/* System header to define __stub macros and hopefully few prototypes,
    which can conflict with char mkfifo(); below.  */
#include <assert.h>
/* Override any gcc2 internal prototype to avoid an error.  */
/* We use char because int might match the return type of a gcc2
    builtin and then its argument prototype would still apply.  */
char mkfifo();

int main() {

/* The GNU C library defines this for functions which it implements
    to always fail with ENOSYS.  Some functions are actually named
    something starting with __ and the normal name is an alias.  */
#if defined (__stub_mkfifo) || defined (__stub___mkfifo)
choke me
#else
mkfifo();
#endif

; return 0; }
configure:5120: checking for _mktemp
configure:5148: gcc -o conftest  -Wall -Wmissing-prototypes -O2   conftest.c -ltermcap -lm  1>&5
ld: Undefined symbols:
__mktemp
configure: failed program was:
#line 5125 "configure"
#include "confdefs.h"
/* System header to define __stub macros and hopefully few prototypes,
    which can conflict with char _mktemp(); below.  */
#include <assert.h>
/* Override any gcc2 internal prototype to avoid an error.  */
/* We use char because int might match the return type of a gcc2
    builtin and then its argument prototype would still apply.  */
char _mktemp();

int main() {

/* The GNU C library defines this for functions which it implements
    to always fail with ENOSYS.  Some functions are actually named
    something starting with __ and the normal name is an alias.  */
#if defined (__stub__mktemp) || defined (__stub____mktemp)
choke me
#else
_mktemp();
#endif

; return 0; }
configure:5120: checking for waitpid
configure:5148: gcc -o conftest  -Wall -Wmissing-prototypes -O2   conftest.c -ltermcap -lm  1>&5
ld: Undefined symbols:
_waitpid
configure: failed program was:
#line 5125 "configure"
#include "confdefs.h"
/* System header to define __stub macros and hopefully few prototypes,
    which can conflict with char waitpid(); below.  */
#include <assert.h>
/* Override any gcc2 internal prototype to avoid an error.  */
/* We use char because int might match the return type of a gcc2
    builtin and then its argument prototype would still apply.  */
char waitpid();

int main() {

/* The GNU C library defines this for functions which it implements
    to always fail with ENOSYS.  Some functions are actually named
    something starting with __ and the normal name is an alias.  */
#if defined (__stub_waitpid) || defined (__stub___waitpid)
choke me
#else
waitpid();
#endif

; return 0; }
configure:5120: checking for wait3
configure:5148: gcc -o conftest  -Wall -Wmissing-prototypes -O2   conftest.c -ltermcap -lm  1>&5
configure:5120: checking for sigaction
configure:5148: gcc -o conftest  -Wall -Wmissing-prototypes -O2   conftest.c -ltermcap -lm  1>&5
ld: Undefined symbols:
_sigaction
configure: failed program was:
#line 5125 "configure"
#include "confdefs.h"
/* System header to define __stub macros and hopefully few prototypes,
    which can conflict with char sigaction(); below.  */
#include <assert.h>
/* Override any gcc2 internal prototype to avoid an error.  */
/* We use char because int might match the return type of a gcc2
    builtin and then its argument prototype would still apply.  */
char sigaction();

int main() {

/* The GNU C library defines this for functions which it implements
    to always fail with ENOSYS.  Some functions are actually named
    something starting with __ and the normal name is an alias.  */
#if defined (__stub_sigaction) || defined (__stub___sigaction)
choke me
#else
sigaction();
#endif

; return 0; }
configure:5120: checking for sigblock
configure:5148: gcc -o conftest  -Wall -Wmissing-prototypes -O2   conftest.c -ltermcap -lm  1>&5
configure:5120: checking for sighold
configure:5148: gcc -o conftest  -Wall -Wmissing-prototypes -O2   conftest.c -ltermcap -lm  1>&5
ld: Undefined symbols:
_sighold
configure: failed program was:
#line 5125 "configure"
#include "confdefs.h"
/* System header to define __stub macros and hopefully few prototypes,
    which can conflict with char sighold(); below.  */
#include <assert.h>
/* Override any gcc2 internal prototype to avoid an error.  */
/* We use char because int might match the return type of a gcc2
    builtin and then its argument prototype would still apply.  */
char sighold();

int main() {

/* The GNU C library defines this for functions which it implements
    to always fail with ENOSYS.  Some functions are actually named
    something starting with __ and the normal name is an alias.  */
#if defined (__stub_sighold) || defined (__stub___sighold)
choke me
#else
sighold();
#endif

; return 0; }
configure:5120: checking for sigrelse
configure:5148: gcc -o conftest  -Wall -Wmissing-prototypes -O2   conftest.c -ltermcap -lm  1>&5
ld: Undefined symbols:
_sigrelse
configure: failed program was:
#line 5125 "configure"
#include "confdefs.h"
/* System header to define __stub macros and hopefully few prototypes,
    which can conflict with char sigrelse(); below.  */
#include <assert.h>
/* Override any gcc2 internal prototype to avoid an error.  */
/* We use char because int might match the return type of a gcc2
    builtin and then its argument prototype would still apply.  */
char sigrelse();

int main() {

/* The GNU C library defines this for functions which it implements
    to always fail with ENOSYS.  Some functions are actually named
    something starting with __ and the normal name is an alias.  */
#if defined (__stub_sigrelse) || defined (__stub___sigrelse)
choke me
#else
sigrelse();
#endif

; return 0; }
configure:5120: checking for sigsetmask
configure:5148: gcc -o conftest  -Wall -Wmissing-prototypes -O2   conftest.c -ltermcap -lm  1>&5
configure:5120: checking for sigprocmask
configure:5148: gcc -o conftest  -Wall -Wmissing-prototypes -O2   conftest.c -ltermcap -lm  1>&5
ld: Undefined symbols:
_sigprocmask
configure: failed program was:
#line 5125 "configure"
#include "confdefs.h"
/* System header to define __stub macros and hopefully few prototypes,
    which can conflict with char sigprocmask(); below.  */
#include <assert.h>
/* Override any gcc2 internal prototype to avoid an error.  */
/* We use char because int might match the return type of a gcc2
    builtin and then its argument prototype would still apply.  */
char sigprocmask();

int main() {

/* The GNU C library defines this for functions which it implements
    to always fail with ENOSYS.  Some functions are actually named
    something starting with __ and the normal name is an alias.  */
#if defined (__stub_sigprocmask) || defined (__stub___sigprocmask)
choke me
#else
sigprocmask();
#endif

; return 0; }
configure:5120: checking for killpg
configure:5148: gcc -o conftest  -Wall -Wmissing-prototypes -O2   conftest.c -ltermcap -lm  1>&5
configure:5120: checking for setpgid
configure:5148: gcc -o conftest  -Wall -Wmissing-prototypes -O2   conftest.c -ltermcap -lm  1>&5
ld: Undefined symbols:
_setpgid
configure: failed program was:
#line 5125 "configure"
#include "confdefs.h"
/* System header to define __stub macros and hopefully few prototypes,
    which can conflict with char setpgid(); below.  */
#include <assert.h>
/* Override any gcc2 internal prototype to avoid an error.  */
/* We use char because int might match the return type of a gcc2
    builtin and then its argument prototype would still apply.  */
char setpgid();

int main() {

/* The GNU C library defines this for functions which it implements
    to always fail with ENOSYS.  Some functions are actually named
    something starting with __ and the normal name is an alias.  */
#if defined (__stub_setpgid) || defined (__stub___setpgid)
choke me
#else
setpgid();
#endif

; return 0; }
configure:5120: checking for setpgrp
configure:5148: gcc -o conftest  -Wall -Wmissing-prototypes -O2   conftest.c -ltermcap -lm  1>&5
configure:5120: checking for tcsetpgrp
configure:5148: gcc -o conftest  -Wall -Wmissing-prototypes -O2   conftest.c -ltermcap -lm  1>&5
ld: Undefined symbols:
_tcsetpgrp
configure: failed program was:
#line 5125 "configure"
#include "confdefs.h"
/* System header to define __stub macros and hopefully few prototypes,
    which can conflict with char tcsetpgrp(); below.  */
#include <assert.h>
/* Override any gcc2 internal prototype to avoid an error.  */
/* We use char because int might match the return type of a gcc2
    builtin and then its argument prototype would still apply.  */
char tcsetpgrp();

int main() {

/* The GNU C library defines this for functions which it implements
    to always fail with ENOSYS.  Some functions are actually named
    something starting with __ and the normal name is an alias.  */
#if defined (__stub_tcsetpgrp) || defined (__stub___tcsetpgrp)
choke me
#else
tcsetpgrp();
#endif

; return 0; }
configure:5120: checking for tcgetattr
configure:5148: gcc -o conftest  -Wall -Wmissing-prototypes -O2   conftest.c -ltermcap -lm  1>&5
ld: Undefined symbols:
_tcgetattr
configure: failed program was:
#line 5125 "configure"
#include "confdefs.h"
/* System header to define __stub macros and hopefully few prototypes,
    which can conflict with char tcgetattr(); below.  */
#include <assert.h>
/* Override any gcc2 internal prototype to avoid an error.  */
/* We use char because int might match the return type of a gcc2
    builtin and then its argument prototype would still apply.  */
char tcgetattr();

int main() {

/* The GNU C library defines this for functions which it implements
    to always fail with ENOSYS.  Some functions are actually named
    something starting with __ and the normal name is an alias.  */
#if defined (__stub_tcgetattr) || defined (__stub___tcgetattr)
choke me
#else
tcgetattr();
#endif

; return 0; }
configure:5120: checking for nice
configure:5148: gcc -o conftest  -Wall -Wmissing-prototypes -O2   conftest.c -ltermcap -lm  1>&5
configure:5120: checking for gethostname
configure:5148: gcc -o conftest  -Wall -Wmissing-prototypes -O2   conftest.c -ltermcap -lm  1>&5
configure:5120: checking for gethostbyname2
configure:5148: gcc -o conftest  -Wall -Wmissing-prototypes -O2   conftest.c -ltermcap -lm  1>&5
ld: Undefined symbols:
_gethostbyname2
configure: failed program was:
#line 5125 "configure"
#include "confdefs.h"
/* System header to define __stub macros and hopefully few prototypes,
    which can conflict with char gethostbyname2(); below.  */
#include <assert.h>
/* Override any gcc2 internal prototype to avoid an error.  */
/* We use char because int might match the return type of a gcc2
    builtin and then its argument prototype would still apply.  */
char gethostbyname2();

int main() {

/* The GNU C library defines this for functions which it implements
    to always fail with ENOSYS.  Some functions are actually named
    something starting with __ and the normal name is an alias.  */
#if defined (__stub_gethostbyname2) || defined (__stub___gethostbyname2)
choke me
#else
gethostbyname2();
#endif

; return 0; }
configure:5120: checking for getipnodebyname
configure:5148: gcc -o conftest  -Wall -Wmissing-prototypes -O2   conftest.c -ltermcap -lm  1>&5
ld: Undefined symbols:
_getipnodebyname
configure: failed program was:
#line 5125 "configure"
#include "confdefs.h"
/* System header to define __stub macros and hopefully few prototypes,
    which can conflict with char getipnodebyname(); below.  */
#include <assert.h>
/* Override any gcc2 internal prototype to avoid an error.  */
/* We use char because int might match the return type of a gcc2
    builtin and then its argument prototype would still apply.  */
char getipnodebyname();

int main() {

/* The GNU C library defines this for functions which it implements
    to always fail with ENOSYS.  Some functions are actually named
    something starting with __ and the normal name is an alias.  */
#if defined (__stub_getipnodebyname) || defined (__stub___getipnodebyname)
choke me
#else
getipnodebyname();
#endif

; return 0; }
configure:5120: checking for inet_aton
configure:5148: gcc -o conftest  -Wall -Wmissing-prototypes -O2   conftest.c -ltermcap -lm  1>&5
ld: Undefined symbols:
_inet_aton
configure: failed program was:
#line 5125 "configure"
#include "confdefs.h"
/* System header to define __stub macros and hopefully few prototypes,
    which can conflict with char inet_aton(); below.  */
#include <assert.h>
/* Override any gcc2 internal prototype to avoid an error.  */
/* We use char because int might match the return type of a gcc2
    builtin and then its argument prototype would still apply.  */
char inet_aton();

int main() {

/* The GNU C library defines this for functions which it implements
    to always fail with ENOSYS.  Some functions are actually named
    something starting with __ and the normal name is an alias.  */
#if defined (__stub_inet_aton) || defined (__stub___inet_aton)
choke me
#else
inet_aton();
#endif

; return 0; }
configure:5120: checking for inet_pton
configure:5148: gcc -o conftest  -Wall -Wmissing-prototypes -O2   conftest.c -ltermcap -lm  1>&5
ld: Undefined symbols:
_inet_pton
configure: failed program was:
#line 5125 "configure"
#include "confdefs.h"
/* System header to define __stub macros and hopefully few prototypes,
    which can conflict with char inet_pton(); below.  */
#include <assert.h>
/* Override any gcc2 internal prototype to avoid an error.  */
/* We use char because int might match the return type of a gcc2
    builtin and then its argument prototype would still apply.  */
char inet_pton();

int main() {

/* The GNU C library defines this for functions which it implements
    to always fail with ENOSYS.  Some functions are actually named
    something starting with __ and the normal name is an alias.  */
#if defined (__stub_inet_pton) || defined (__stub___inet_pton)
choke me
#else
inet_pton();
#endif

; return 0; }
configure:5120: checking for inet_ntop
configure:5148: gcc -o conftest  -Wall -Wmissing-prototypes -O2   conftest.c -ltermcap -lm  1>&5
ld: Undefined symbols:
_inet_ntop
configure: failed program was:
#line 5125 "configure"
#include "confdefs.h"
/* System header to define __stub macros and hopefully few prototypes,
    which can conflict with char inet_ntop(); below.  */
#include <assert.h>
/* Override any gcc2 internal prototype to avoid an error.  */
/* We use char because int might match the return type of a gcc2
    builtin and then its argument prototype would still apply.  */
char inet_ntop();

int main() {

/* The GNU C library defines this for functions which it implements
    to always fail with ENOSYS.  Some functions are actually named
    something starting with __ and the normal name is an alias.  */
#if defined (__stub_inet_ntop) || defined (__stub___inet_ntop)
choke me
#else
inet_ntop();
#endif

; return 0; }
configure:5120: checking for getlogin
configure:5148: gcc -o conftest  -Wall -Wmissing-prototypes -O2   conftest.c -ltermcap -lm  1>&5
configure:5120: checking for getpwent
configure:5148: gcc -o conftest  -Wall -Wmissing-prototypes -O2   conftest.c -ltermcap -lm  1>&5
configure:5120: checking for getpwnam
configure:5148: gcc -o conftest  -Wall -Wmissing-prototypes -O2   conftest.c -ltermcap -lm  1>&5
configure:5120: checking for getpwuid
configure:5148: gcc -o conftest  -Wall -Wmissing-prototypes -O2   conftest.c -ltermcap -lm  1>&5
configure:5120: checking for getgrgid
configure:5148: gcc -o conftest  -Wall -Wmissing-prototypes -O2   conftest.c -ltermcap -lm  1>&5
configure:5120: checking for getgrnam
configure:5148: gcc -o conftest  -Wall -Wmissing-prototypes -O2   conftest.c -ltermcap -lm  1>&5
configure:5120: checking for initgroups
configure:5148: gcc -o conftest  -Wall -Wmissing-prototypes -O2   conftest.c -ltermcap -lm  1>&5
configure:5120: checking for nis_list
configure:5148: gcc -o conftest  -Wall -Wmissing-prototypes -O2   conftest.c -ltermcap -lm  1>&5
ld: Undefined symbols:
_nis_list
configure: failed program was:
#line 5125 "configure"
#include "confdefs.h"
/* System header to define __stub macros and hopefully few prototypes,
    which can conflict with char nis_list(); below.  */
#include <assert.h>
/* Override any gcc2 internal prototype to avoid an error.  */
/* We use char because int might match the return type of a gcc2
    builtin and then its argument prototype would still apply.  */
char nis_list();

int main() {

/* The GNU C library defines this for functions which it implements
    to always fail with ENOSYS.  Some functions are actually named
    something starting with __ and the normal name is an alias.  */
#if defined (__stub_nis_list) || defined (__stub___nis_list)
choke me
#else
nis_list();
#endif

; return 0; }
configure:5120: checking for setuid
configure:5148: gcc -o conftest  -Wall -Wmissing-prototypes -O2   conftest.c -ltermcap -lm  1>&5
configure:5120: checking for seteuid
configure:5148: gcc -o conftest  -Wall -Wmissing-prototypes -O2   conftest.c -ltermcap -lm  1>&5
configure:5120: checking for setreuid
configure:5148: gcc -o conftest  -Wall -Wmissing-prototypes -O2   conftest.c -ltermcap -lm  1>&5
configure:5120: checking for setresuid
configure:5148: gcc -o conftest  -Wall -Wmissing-prototypes -O2   conftest.c -ltermcap -lm  1>&5
ld: Undefined symbols:
_setresuid
configure: failed program was:
#line 5125 "configure"
#include "confdefs.h"
/* System header to define __stub macros and hopefully few prototypes,
    which can conflict with char setresuid(); below.  */
#include <assert.h>
/* Override any gcc2 internal prototype to avoid an error.  */
/* We use char because int might match the return type of a gcc2
    builtin and then its argument prototype would still apply.  */
char setresuid();

int main() {

/* The GNU C library defines this for functions which it implements
    to always fail with ENOSYS.  Some functions are actually named
    something starting with __ and the normal name is an alias.  */
#if defined (__stub_setresuid) || defined (__stub___setresuid)
choke me
#else
setresuid();
#endif

; return 0; }
configure:5120: checking for setsid
configure:5148: gcc -o conftest  -Wall -Wmissing-prototypes -O2   conftest.c -ltermcap -lm  1>&5
ld: Undefined symbols:
_setsid
configure: failed program was:
#line 5125 "configure"
#include "confdefs.h"
/* System header to define __stub macros and hopefully few prototypes,
    which can conflict with char setsid(); below.  */
#include <assert.h>
/* Override any gcc2 internal prototype to avoid an error.  */
/* We use char because int might match the return type of a gcc2
    builtin and then its argument prototype would still apply.  */
char setsid();

int main() {

/* The GNU C library defines this for functions which it implements
    to always fail with ENOSYS.  Some functions are actually named
    something starting with __ and the normal name is an alias.  */
#if defined (__stub_setsid) || defined (__stub___setsid)
choke me
#else
setsid();
#endif

; return 0; }
configure:5120: checking for memcpy
configure:5148: gcc -o conftest  -Wall -Wmissing-prototypes -O2   conftest.c -ltermcap -lm  1>&5
configure:5132: warning: conflicting types for built-in function `memcpy'
configure:5120: checking for memmove
configure:5148: gcc -o conftest  -Wall -Wmissing-prototypes -O2   conftest.c -ltermcap -lm  1>&5
configure:5120: checking for strstr
configure:5148: gcc -o conftest  -Wall -Wmissing-prototypes -O2   conftest.c -ltermcap -lm  1>&5
configure:5120: checking for strerror
configure:5148: gcc -o conftest  -Wall -Wmissing-prototypes -O2   conftest.c -ltermcap -lm  1>&5
configure:5120: checking for cap_get_proc
configure:5148: gcc -o conftest  -Wall -Wmissing-prototypes -O2   conftest.c -ltermcap -lm  1>&5
ld: Undefined symbols:
_cap_get_proc
configure: failed program was:
#line 5125 "configure"
#include "confdefs.h"
/* System header to define __stub macros and hopefully few prototypes,
    which can conflict with char cap_get_proc(); below.  */
#include <assert.h>
/* Override any gcc2 internal prototype to avoid an error.  */
/* We use char because int might match the return type of a gcc2
    builtin and then its argument prototype would still apply.  */
char cap_get_proc();

int main() {

/* The GNU C library defines this for functions which it implements
    to always fail with ENOSYS.  Some functions are actually named
    something starting with __ and the normal name is an alias.  */
#if defined (__stub_cap_get_proc) || defined (__stub___cap_get_proc)
choke me
#else
cap_get_proc();
#endif

; return 0; }
configure:5120: checking for getrlimit
configure:5148: gcc -o conftest  -Wall -Wmissing-prototypes -O2   conftest.c -ltermcap -lm  1>&5
configure:5120: checking for setlocale
configure:5148: gcc -o conftest  -Wall -Wmissing-prototypes -O2   conftest.c -ltermcap -lm  1>&5
configure:5120: checking for uname
configure:5148: gcc -o conftest  -Wall -Wmissing-prototypes -O2   conftest.c -ltermcap -lm  1>&5
ld: Undefined symbols:
_uname
configure: failed program was:
#line 5125 "configure"
#include "confdefs.h"
/* System header to define __stub macros and hopefully few prototypes,
    which can conflict with char uname(); below.  */
#include <assert.h>
/* Override any gcc2 internal prototype to avoid an error.  */
/* We use char because int might match the return type of a gcc2
    builtin and then its argument prototype would still apply.  */
char uname();

int main() {

/* The GNU C library defines this for functions which it implements
    to always fail with ENOSYS.  Some functions are actually named
    something starting with __ and the normal name is an alias.  */
#if defined (__stub_uname) || defined (__stub___uname)
choke me
#else
uname();
#endif

; return 0; }
configure:5120: checking for signgam
configure:5148: gcc -o conftest  -Wall -Wmissing-prototypes -O2   conftest.c -ltermcap -lm  1>&5
configure:5120: checking for putenv
configure:5148: gcc -o conftest  -Wall -Wmissing-prototypes -O2   conftest.c -ltermcap -lm  1>&5
ld: Undefined symbols:
_putenv
configure: failed program was:
#line 5125 "configure"
#include "confdefs.h"
/* System header to define __stub macros and hopefully few prototypes,
    which can conflict with char putenv(); below.  */
#include <assert.h>
/* Override any gcc2 internal prototype to avoid an error.  */
/* We use char because int might match the return type of a gcc2
    builtin and then its argument prototype would still apply.  */
char putenv();

int main() {

/* The GNU C library defines this for functions which it implements
    to always fail with ENOSYS.  Some functions are actually named
    something starting with __ and the normal name is an alias.  */
#if defined (__stub_putenv) || defined (__stub___putenv)
choke me
#else
putenv();
#endif

; return 0; }
configure:5120: checking for getenv
configure:5148: gcc -o conftest  -Wall -Wmissing-prototypes -O2   conftest.c -ltermcap -lm  1>&5
configure:5120: checking for brk
configure:5148: gcc -o conftest  -Wall -Wmissing-prototypes -O2   conftest.c -ltermcap -lm  1>&5
configure:5120: checking for sbrk
configure:5148: gcc -o conftest  -Wall -Wmissing-prototypes -O2   conftest.c -ltermcap -lm  1>&5
configure:5120: checking for pathconf
configure:5148: gcc -o conftest  -Wall -Wmissing-prototypes -O2   conftest.c -ltermcap -lm  1>&5
ld: Undefined symbols:
_pathconf
configure: failed program was:
#line 5125 "configure"
#include "confdefs.h"
/* System header to define __stub macros and hopefully few prototypes,
    which can conflict with char pathconf(); below.  */
#include <assert.h>
/* Override any gcc2 internal prototype to avoid an error.  */
/* We use char because int might match the return type of a gcc2
    builtin and then its argument prototype would still apply.  */
char pathconf();

int main() {

/* The GNU C library defines this for functions which it implements
    to always fail with ENOSYS.  Some functions are actually named
    something starting with __ and the normal name is an alias.  */
#if defined (__stub_pathconf) || defined (__stub___pathconf)
choke me
#else
pathconf();
#endif

; return 0; }
configure:5120: checking for sysconf
configure:5148: gcc -o conftest  -Wall -Wmissing-prototypes -O2   conftest.c -ltermcap -lm  1>&5
ld: Undefined symbols:
_sysconf
configure: failed program was:
#line 5125 "configure"
#include "confdefs.h"
/* System header to define __stub macros and hopefully few prototypes,
    which can conflict with char sysconf(); below.  */
#include <assert.h>
/* Override any gcc2 internal prototype to avoid an error.  */
/* We use char because int might match the return type of a gcc2
    builtin and then its argument prototype would still apply.  */
char sysconf();

int main() {

/* The GNU C library defines this for functions which it implements
    to always fail with ENOSYS.  Some functions are actually named
    something starting with __ and the normal name is an alias.  */
#if defined (__stub_sysconf) || defined (__stub___sysconf)
choke me
#else
sysconf();
#endif

; return 0; }
configure:5120: checking for tgetent
configure:5148: gcc -o conftest  -Wall -Wmissing-prototypes -O2   conftest.c -ltermcap -lm  1>&5
configure:5120: checking for tigetflag
configure:5148: gcc -o conftest  -Wall -Wmissing-prototypes -O2   conftest.c -ltermcap -lm  1>&5
ld: Undefined symbols:
_tigetflag
configure: failed program was:
#line 5125 "configure"
#include "confdefs.h"
/* System header to define __stub macros and hopefully few prototypes,
    which can conflict with char tigetflag(); below.  */
#include <assert.h>
/* Override any gcc2 internal prototype to avoid an error.  */
/* We use char because int might match the return type of a gcc2
    builtin and then its argument prototype would still apply.  */
char tigetflag();

int main() {

/* The GNU C library defines this for functions which it implements
    to always fail with ENOSYS.  Some functions are actually named
    something starting with __ and the normal name is an alias.  */
#if defined (__stub_tigetflag) || defined (__stub___tigetflag)
choke me
#else
tigetflag();
#endif

; return 0; }
configure:5120: checking for tigetnum
configure:5148: gcc -o conftest  -Wall -Wmissing-prototypes -O2   conftest.c -ltermcap -lm  1>&5
ld: Undefined symbols:
_tigetnum
configure: failed program was:
#line 5125 "configure"
#include "confdefs.h"
/* System header to define __stub macros and hopefully few prototypes,
    which can conflict with char tigetnum(); below.  */
#include <assert.h>
/* Override any gcc2 internal prototype to avoid an error.  */
/* We use char because int might match the return type of a gcc2
    builtin and then its argument prototype would still apply.  */
char tigetnum();

int main() {

/* The GNU C library defines this for functions which it implements
    to always fail with ENOSYS.  Some functions are actually named
    something starting with __ and the normal name is an alias.  */
#if defined (__stub_tigetnum) || defined (__stub___tigetnum)
choke me
#else
tigetnum();
#endif

; return 0; }
configure:5120: checking for tigetstr
configure:5148: gcc -o conftest  -Wall -Wmissing-prototypes -O2   conftest.c -ltermcap -lm  1>&5
ld: Undefined symbols:
_tigetstr
configure: failed program was:
#line 5125 "configure"
#include "confdefs.h"
/* System header to define __stub macros and hopefully few prototypes,
    which can conflict with char tigetstr(); below.  */
#include <assert.h>
/* Override any gcc2 internal prototype to avoid an error.  */
/* We use char because int might match the return type of a gcc2
    builtin and then its argument prototype would still apply.  */
char tigetstr();

int main() {

/* The GNU C library defines this for functions which it implements
    to always fail with ENOSYS.  Some functions are actually named
    something starting with __ and the normal name is an alias.  */
#if defined (__stub_tigetstr) || defined (__stub___tigetstr)
choke me
#else
tigetstr();
#endif

; return 0; }
configure:5120: checking for setupterm
configure:5148: gcc -o conftest  -Wall -Wmissing-prototypes -O2   conftest.c -ltermcap -lm  1>&5
ld: Undefined symbols:
_setupterm
configure: failed program was:
#line 5125 "configure"
#include "confdefs.h"
/* System header to define __stub macros and hopefully few prototypes,
    which can conflict with char setupterm(); below.  */
#include <assert.h>
/* Override any gcc2 internal prototype to avoid an error.  */
/* We use char because int might match the return type of a gcc2
    builtin and then its argument prototype would still apply.  */
char setupterm();

int main() {

/* The GNU C library defines this for functions which it implements
    to always fail with ENOSYS.  Some functions are actually named
    something starting with __ and the normal name is an alias.  */
#if defined (__stub_setupterm) || defined (__stub___setupterm)
choke me
#else
setupterm();
#endif

; return 0; }
configure:5173: checking for working strcoll
configure:5191: gcc -o conftest  -Wall -Wmissing-prototypes -O2   conftest.c -ltermcap -lm  1>&5
configure:5184: warning: return-type defaults to `int'
configure: In function `main':
configure:5185: warning: passing arg 2 of `strcoll' makes integer from pointer without a cast
configure:5185: too few arguments to function `strcoll'
configure:5185: warning: unsigned value >= 0 is always 1
configure:5186: warning: passing arg 2 of `strcoll' makes integer from pointer without a cast
configure:5186: too few arguments to function `strcoll'
configure:5186: warning: unsigned value >= 0 is always 1
configure:5187: warning: passing arg 2 of `strcoll' makes integer from pointer without a cast
configure:5187: too few arguments to function `strcoll'
configure:5187: warning: unsigned value >= 0 is always 1
configure: failed program was:
#line 5181 "configure"
#include "confdefs.h"
#include <string.h>
main ()
{
  exit (strcoll ("abc", "def") >= 0 ||
	strcoll ("ABC", "DEF") >= 0 ||
	strcoll ("123", "456") >= 0);
}
configure:5215: checking if tgetent accepts NULL
configure:5239: gcc -o conftest  -Wall -Wmissing-prototypes -O2   conftest.c -ltermcap -lm  1>&5
configure:5226: warning: return-type defaults to `int'
configure: In function `main':
configure:5227: warning: implicit declaration of function `tgetent'
configure:5231: warning: implicit declaration of function `tgetstr'
configure:5232: warning: implicit declaration of function `creat'
configure: failed program was:
#line 5223 "configure"
#include "confdefs.h"

main()
{
    int i = tgetent((char*)0,"vt100");
    if (i > 0) {
	char tbuf[1024], *u;
    	u = tbuf;
    	tgetstr("cl", &u);
	creat("conftest.tgetent", 0640);
    }
    exit(!i || i == -1);
}

configure:5269: checking for unistd.h
configure:5308: checking for getpagesize
configure:5336: gcc -o conftest  -Wall -Wmissing-prototypes -O2   conftest.c -ltermcap -lm  1>&5
configure:5361: checking for working mmap
configure:5509: gcc -o conftest  -Wall -Wmissing-prototypes -O2   conftest.c -ltermcap -lm  1>&5
configure: In function `main':
configure:5450: warning: implicit declaration of function `getpagesize'
configure:5459: warning: implicit declaration of function `rand'
configure:5460: warning: implicit declaration of function `umask'
configure:5461: warning: implicit declaration of function `creat'
configure:5464: warning: implicit declaration of function `write'
configure:5466: warning: implicit declaration of function `close'
configure:5473: warning: implicit declaration of function `open'
configure:5480: warning: implicit declaration of function `mmap'
configure:5481: `MAP_FIXED' undeclared (first use this function)
configure:5481: (Each undeclared identifier is reported only once
configure:5481: for each function it appears in.)
configure:5481: warning: comparison between pointer and integer
configure:5497: warning: implicit declaration of function `read'
configure:5503: warning: implicit declaration of function `unlink'
configure: failed program was:
#line 5369 "configure"
#include "confdefs.h"

/* Thanks to Mike Haertel and Jim Avera for this test.
   Here is a matrix of mmap possibilities:
	mmap private not fixed
	mmap private fixed at somewhere currently unmapped
	mmap private fixed at somewhere already mapped
	mmap shared not fixed
	mmap shared fixed at somewhere currently unmapped
	mmap shared fixed at somewhere already mapped
   For private mappings, we should verify that changes cannot be read()
   back from the file, nor mmap's back from the file at a different
   address.  (There have been systems where private was not correctly
   implemented like the infamous i386 svr4.0, and systems where the
   VM page cache was not coherent with the filesystem buffer cache
   like early versions of FreeBSD and possibly contemporary NetBSD.)
   For shared mappings, we should conversely verify that changes get
   propogated back to all the places they're supposed to be.

   Grep wants private fixed already mapped.
   The main things grep needs to know about mmap are:
   * does it exist and is it safe to write into the mmap'd area
   * how to use it (BSD variants)  */
#include <sys/types.h>
#include <fcntl.h>
#include <sys/mman.h>

/* This mess was copied from the GNU getpagesize.h.  */
#ifndef HAVE_GETPAGESIZE
# ifdef HAVE_UNISTD_H
#  include <unistd.h>
# endif

/* Assume that all systems that can run configure have sys/param.h.  */
# ifndef HAVE_SYS_PARAM_H
#  define HAVE_SYS_PARAM_H 1
# endif

# ifdef _SC_PAGESIZE
#  define getpagesize() sysconf(_SC_PAGESIZE)
# else /* no _SC_PAGESIZE */
#  ifdef HAVE_SYS_PARAM_H
#   include <sys/param.h>
#   ifdef EXEC_PAGESIZE
#    define getpagesize() EXEC_PAGESIZE
#   else /* no EXEC_PAGESIZE */
#    ifdef NBPG
#     define getpagesize() NBPG * CLSIZE
#     ifndef CLSIZE
#      define CLSIZE 1
#     endif /* no CLSIZE */
#    else /* no NBPG */
#     ifdef NBPC
#      define getpagesize() NBPC
#     else /* no NBPC */
#      ifdef PAGESIZE
#       define getpagesize() PAGESIZE
#      endif /* PAGESIZE */
#     endif /* no NBPC */
#    endif /* no NBPG */
#   endif /* no EXEC_PAGESIZE */
#  else /* no HAVE_SYS_PARAM_H */
#   define getpagesize() 8192	/* punt totally */
#  endif /* no HAVE_SYS_PARAM_H */
# endif /* no _SC_PAGESIZE */

#endif /* no HAVE_GETPAGESIZE */

#ifdef __cplusplus
extern "C" { void *malloc(unsigned); }
#else
char *malloc();
#endif

int
main()
{
	char *data, *data2, *data3;
	int i, pagesize;
	int fd;

	pagesize = getpagesize();

	/*
	 * First, make a file with some known garbage in it.
	 */
	data = malloc(pagesize);
	if (!data)
		exit(1);
	for (i = 0; i < pagesize; ++i)
		*(data + i) = rand();
	umask(0);
	fd = creat("conftestmmap", 0600);
	if (fd < 0)
		exit(1);
	if (write(fd, data, pagesize) != pagesize)
		exit(1);
	close(fd);

	/*
	 * Next, try to mmap the file at a fixed address which
	 * already has something else allocated at it.  If we can,
	 * also make sure that we see the same garbage.
	 */
	fd = open("conftestmmap", O_RDWR);
	if (fd < 0)
		exit(1);
	data2 = malloc(2 * pagesize);
	if (!data2)
		exit(1);
	data2 += (pagesize - ((int) data2 & (pagesize - 1))) & (pagesize - 1);
	if (data2 != mmap(data2, pagesize, PROT_READ | PROT_WRITE,
	    MAP_PRIVATE | MAP_FIXED, fd, 0L))
		exit(1);
	for (i = 0; i < pagesize; ++i)
		if (*(data + i) != *(data2 + i))
			exit(1);

	/*
	 * Finally, make sure that changes to the mapped area
	 * do not percolate back to the file as seen by read().
	 * (This is a bug on some variants of i386 svr4.0.)
	 */
	for (i = 0; i < pagesize; ++i)
		*(data2 + i) = *(data2 + i) + 1;
	data3 = malloc(pagesize);
	if (!data3)
		exit(1);
	if (read(fd, data3, pagesize) != pagesize)
		exit(1);
	for (i = 0; i < pagesize; ++i)
		if (*(data + i) != *(data3 + i))
			exit(1);
	close(fd);
	unlink("conftestmmap");
	exit(0);
}

configure:5591: checking whether getpgrp takes no argument
configure:5654: gcc -o conftest  -Wall -Wmissing-prototypes -O2   conftest.c -ltermcap -lm  1>&5
configure:5615: warning: return-type defaults to `int'
configure: In function `main':
configure:5616: warning: implicit declaration of function `getpid'
configure:5617: warning: implicit declaration of function `getpgrp'
configure:5629: warning: implicit declaration of function `fork'
configure:5639: warning: implicit declaration of function `setpgrp'
configure:5647: warning: implicit declaration of function `wait'
configure: failed program was:
#line 5599 "configure"
#include "confdefs.h"

/*
 * If this system has a BSD-style getpgrp(),
 * which takes a pid argument, exit unsuccessfully.
 *
 * Snarfed from Chet Ramey's bash pgrp.c test program
 */
#include <stdio.h>
#include <sys/types.h>

int     pid;
int     pg1, pg2, pg3, pg4;
int     ng, np, s, child;

main()
{
        pid = getpid();
        pg1 = getpgrp(0);
        pg2 = getpgrp();
        pg3 = getpgrp(pid);
        pg4 = getpgrp(1);

        /*
         * If all of these values are the same, it's pretty sure that
         * we're on a system that ignores getpgrp's first argument.
         */
        if (pg2 == pg4 && pg1 == pg3 && pg2 == pg3)
                exit(0);

        child = fork();
        if (child < 0)
                exit(1);
        else if (child == 0) {
                np = getpid();
                /*
                 * If this is Sys V, this will not work; pgrp will be
                 * set to np because setpgrp just changes a pgrp to be
                 * the same as the pid.
                 */
                setpgrp(np, pg1);
                ng = getpgrp(0);        /* Same result for Sys V and BSD */
                if (ng == pg1) {
                        exit(1);
                } else {
                        exit(0);
                }
        } else {
                wait(&s);
                exit(s>>8);
        }
}

configure:5690: checking for dlopen
configure:5718: gcc -o conftest  -Wall -Wmissing-prototypes -O2   conftest.c -ltermcap -lm  1>&5
ld: Undefined symbols:
_dlopen
configure: failed program was:
#line 5695 "configure"
#include "confdefs.h"
/* System header to define __stub macros and hopefully few prototypes,
    which can conflict with char dlopen(); below.  */
#include <assert.h>
/* Override any gcc2 internal prototype to avoid an error.  */
/* We use char because int might match the return type of a gcc2
    builtin and then its argument prototype would still apply.  */
char dlopen();

int main() {

/* The GNU C library defines this for functions which it implements
    to always fail with ENOSYS.  Some functions are actually named
    something starting with __ and the normal name is an alias.  */
#if defined (__stub_dlopen) || defined (__stub___dlopen)
choke me
#else
dlopen();
#endif

; return 0; }
configure:5690: checking for dlerror
configure:5718: gcc -o conftest  -Wall -Wmissing-prototypes -O2   conftest.c -ltermcap -lm  1>&5
ld: Undefined symbols:
_dlerror
configure: failed program was:
#line 5695 "configure"
#include "confdefs.h"
/* System header to define __stub macros and hopefully few prototypes,
    which can conflict with char dlerror(); below.  */
#include <assert.h>
/* Override any gcc2 internal prototype to avoid an error.  */
/* We use char because int might match the return type of a gcc2
    builtin and then its argument prototype would still apply.  */
char dlerror();

int main() {

/* The GNU C library defines this for functions which it implements
    to always fail with ENOSYS.  Some functions are actually named
    something starting with __ and the normal name is an alias.  */
#if defined (__stub_dlerror) || defined (__stub___dlerror)
choke me
#else
dlerror();
#endif

; return 0; }
configure:5690: checking for dlsym
configure:5718: gcc -o conftest  -Wall -Wmissing-prototypes -O2   conftest.c -ltermcap -lm  1>&5
ld: Undefined symbols:
_dlsym
configure: failed program was:
#line 5695 "configure"
#include "confdefs.h"
/* System header to define __stub macros and hopefully few prototypes,
    which can conflict with char dlsym(); below.  */
#include <assert.h>
/* Override any gcc2 internal prototype to avoid an error.  */
/* We use char because int might match the return type of a gcc2
    builtin and then its argument prototype would still apply.  */
char dlsym();

int main() {

/* The GNU C library defines this for functions which it implements
    to always fail with ENOSYS.  Some functions are actually named
    something starting with __ and the normal name is an alias.  */
#if defined (__stub_dlsym) || defined (__stub___dlsym)
choke me
#else
dlsym();
#endif

; return 0; }
configure:5690: checking for dlclose
configure:5718: gcc -o conftest  -Wall -Wmissing-prototypes -O2   conftest.c -ltermcap -lm  1>&5
ld: Undefined symbols:
_dlclose
configure: failed program was:
#line 5695 "configure"
#include "confdefs.h"
/* System header to define __stub macros and hopefully few prototypes,
    which can conflict with char dlclose(); below.  */
#include <assert.h>
/* Override any gcc2 internal prototype to avoid an error.  */
/* We use char because int might match the return type of a gcc2
    builtin and then its argument prototype would still apply.  */
char dlclose();

int main() {

/* The GNU C library defines this for functions which it implements
    to always fail with ENOSYS.  Some functions are actually named
    something starting with __ and the normal name is an alias.  */
#if defined (__stub_dlclose) || defined (__stub___dlclose)
choke me
#else
dlclose();
#endif

; return 0; }
configure:5690: checking for load
configure:5718: gcc -o conftest  -Wall -Wmissing-prototypes -O2   conftest.c -ltermcap -lm  1>&5
ld: Undefined symbols:
_load
configure: failed program was:
#line 5695 "configure"
#include "confdefs.h"
/* System header to define __stub macros and hopefully few prototypes,
    which can conflict with char load(); below.  */
#include <assert.h>
/* Override any gcc2 internal prototype to avoid an error.  */
/* We use char because int might match the return type of a gcc2
    builtin and then its argument prototype would still apply.  */
char load();

int main() {

/* The GNU C library defines this for functions which it implements
    to always fail with ENOSYS.  Some functions are actually named
    something starting with __ and the normal name is an alias.  */
#if defined (__stub_load) || defined (__stub___load)
choke me
#else
load();
#endif

; return 0; }
configure:5690: checking for loadquery
configure:5718: gcc -o conftest  -Wall -Wmissing-prototypes -O2   conftest.c -ltermcap -lm  1>&5
ld: Undefined symbols:
_loadquery
configure: failed program was:
#line 5695 "configure"
#include "confdefs.h"
/* System header to define __stub macros and hopefully few prototypes,
    which can conflict with char loadquery(); below.  */
#include <assert.h>
/* Override any gcc2 internal prototype to avoid an error.  */
/* We use char because int might match the return type of a gcc2
    builtin and then its argument prototype would still apply.  */
char loadquery();

int main() {

/* The GNU C library defines this for functions which it implements
    to always fail with ENOSYS.  Some functions are actually named
    something starting with __ and the normal name is an alias.  */
#if defined (__stub_loadquery) || defined (__stub___loadquery)
choke me
#else
loadquery();
#endif

; return 0; }
configure:5690: checking for loadbind
configure:5718: gcc -o conftest  -Wall -Wmissing-prototypes -O2   conftest.c -ltermcap -lm  1>&5
ld: Undefined symbols:
_loadbind
configure: failed program was:
#line 5695 "configure"
#include "confdefs.h"
/* System header to define __stub macros and hopefully few prototypes,
    which can conflict with char loadbind(); below.  */
#include <assert.h>
/* Override any gcc2 internal prototype to avoid an error.  */
/* We use char because int might match the return type of a gcc2
    builtin and then its argument prototype would still apply.  */
char loadbind();

int main() {

/* The GNU C library defines this for functions which it implements
    to always fail with ENOSYS.  Some functions are actually named
    something starting with __ and the normal name is an alias.  */
#if defined (__stub_loadbind) || defined (__stub___loadbind)
choke me
#else
loadbind();
#endif

; return 0; }
configure:5690: checking for unload
configure:5718: gcc -o conftest  -Wall -Wmissing-prototypes -O2   conftest.c -ltermcap -lm  1>&5
ld: Undefined symbols:
_unload
configure: failed program was:
#line 5695 "configure"
#include "confdefs.h"
/* System header to define __stub macros and hopefully few prototypes,
    which can conflict with char unload(); below.  */
#include <assert.h>
/* Override any gcc2 internal prototype to avoid an error.  */
/* We use char because int might match the return type of a gcc2
    builtin and then its argument prototype would still apply.  */
char unload();

int main() {

/* The GNU C library defines this for functions which it implements
    to always fail with ENOSYS.  Some functions are actually named
    something starting with __ and the normal name is an alias.  */
#if defined (__stub_unload) || defined (__stub___unload)
choke me
#else
unload();
#endif

; return 0; }
configure:5690: checking for shl_load
configure:5718: gcc -o conftest  -Wall -Wmissing-prototypes -O2   conftest.c -ltermcap -lm  1>&5
ld: Undefined symbols:
_shl_load
configure: failed program was:
#line 5695 "configure"
#include "confdefs.h"
/* System header to define __stub macros and hopefully few prototypes,
    which can conflict with char shl_load(); below.  */
#include <assert.h>
/* Override any gcc2 internal prototype to avoid an error.  */
/* We use char because int might match the return type of a gcc2
    builtin and then its argument prototype would still apply.  */
char shl_load();

int main() {

/* The GNU C library defines this for functions which it implements
    to always fail with ENOSYS.  Some functions are actually named
    something starting with __ and the normal name is an alias.  */
#if defined (__stub_shl_load) || defined (__stub___shl_load)
choke me
#else
shl_load();
#endif

; return 0; }
configure:5690: checking for shl_unload
configure:5718: gcc -o conftest  -Wall -Wmissing-prototypes -O2   conftest.c -ltermcap -lm  1>&5
ld: Undefined symbols:
_shl_unload
configure: failed program was:
#line 5695 "configure"
#include "confdefs.h"
/* System header to define __stub macros and hopefully few prototypes,
    which can conflict with char shl_unload(); below.  */
#include <assert.h>
/* Override any gcc2 internal prototype to avoid an error.  */
/* We use char because int might match the return type of a gcc2
    builtin and then its argument prototype would still apply.  */
char shl_unload();

int main() {

/* The GNU C library defines this for functions which it implements
    to always fail with ENOSYS.  Some functions are actually named
    something starting with __ and the normal name is an alias.  */
#if defined (__stub_shl_unload) || defined (__stub___shl_unload)
choke me
#else
shl_unload();
#endif

; return 0; }
configure:5690: checking for shl_findsym
configure:5718: gcc -o conftest  -Wall -Wmissing-prototypes -O2   conftest.c -ltermcap -lm  1>&5
ld: Undefined symbols:
_shl_findsym
configure: failed program was:
#line 5695 "configure"
#include "confdefs.h"
/* System header to define __stub macros and hopefully few prototypes,
    which can conflict with char shl_findsym(); below.  */
#include <assert.h>
/* Override any gcc2 internal prototype to avoid an error.  */
/* We use char because int might match the return type of a gcc2
    builtin and then its argument prototype would still apply.  */
char shl_findsym();

int main() {

/* The GNU C library defines this for functions which it implements
    to always fail with ENOSYS.  Some functions are actually named
    something starting with __ and the normal name is an alias.  */
#if defined (__stub_shl_findsym) || defined (__stub___shl_findsym)
choke me
#else
shl_findsym();
#endif

; return 0; }
configure:5746: checking what style of signals to use
configure:5779: checking where signal.h is located
configure:5819: checking where the RLIMIT macros are located
configure:5843: checking if rlim_t is longer than a long
configure:5860: gcc -o conftest  -Wall -Wmissing-prototypes -O2   conftest.c -ltermcap -lm  1>&5
configure:5857: warning: return-type defaults to `int'
configure: failed program was:
#line 5851 "configure"
#include "confdefs.h"

#ifdef HAVE_SYS_TIME_H
#include <sys/time.h>
#endif
#include <sys/resource.h>
main(){struct rlimit r;exit(sizeof(r.rlim_cur) <= sizeof(long));}
configure:5931: checking if the rlim_t is unsigned
configure:5948: gcc -o conftest  -Wall -Wmissing-prototypes -O2   conftest.c -ltermcap -lm  1>&5
configure:5945: warning: return-type defaults to `int'
configure: failed program was:
#line 5939 "configure"
#include "confdefs.h"

#ifdef HAVE_SYS_TIME_H
#include <sys/time.h>
#endif
#include <sys/resource.h>
  main(){struct rlimit r;r.rlim_cur=-1;exit(r.rlim_cur<0);}
configure:5973: checking for rlim_t
configure:5990: gcc -c  -Wall -Wmissing-prototypes -O2  conftest.c 1>&5
configure:5986: undefined type, found `rlim_t'
configure: failed program was:
#line 5978 "configure"
#include "confdefs.h"

#include <sys/types.h>
#ifdef HAVE_SYS_TIME_H
#include <sys/time.h>
#endif
#include <sys/resource.h>
int main() {
rlim_t l;
; return 0; }
configure:6011: checking for /dev/fd filesystem
configure:6029: checking for RFS superroot directory
configure:6045: checking whether we should use the native getcwd
configure:6064: checking for NIS
configure:6081: checking for NIS+
configure:6099: checking for utmp file
configure:6120: checking for wtmp file
configure:6141: checking for utmpx file
configure:6162: checking for wtmpx file
configure:6184: checking for brk() prototype in <unistd.h>
configure:6197: gcc -c  -Wall -Wmissing-prototypes -O2  conftest.c 1>&5
configure: In function `main':
configure:6193: warning: unused variable `i'
configure:6218: checking for sbrk() prototype in <unistd.h>
configure:6231: gcc -c  -Wall -Wmissing-prototypes -O2  conftest.c 1>&5
configure: In function `main':
configure:6227: warning: unused variable `i'
configure:6254: checking for ioctl prototype in <sys/ioctl.h>
configure:6267: gcc -c  -Wall -Wmissing-prototypes -O2  conftest.c 1>&5
configure: In function `main':
configure:6263: warning: unused variable `i'
configure:6287: checking for mknod prototype in <sys/stat.h>
configure:6300: gcc -c  -Wall -Wmissing-prototypes -O2  conftest.c 1>&5
configure: In function `main':
configure:6296: warning: unused variable `i'
configure:6323: checking for select() in <sys/socket.h>
configure:6335: gcc -c  -Wall -Wmissing-prototypes -O2  conftest.c 1>&5
configure: In function `main':
configure:6331: warning: unused variable `fd'
configure:6357: checking if named FIFOs work
configure:6396: gcc -o conftest  -Wall -Wmissing-prototypes -O2   conftest.c -ltermcap -lm  1>&5
configure:6370: warning: return-type defaults to `int'
configure: In function `main':
configure:6374: warning: implicit declaration of function `unlink'
configure:6378: warning: implicit declaration of function `mknod'
configure:6381: warning: implicit declaration of function `fork'
configure:6385: warning: implicit declaration of function `open'
configure:6386: warning: implicit declaration of function `read'
configure:6389: warning: implicit declaration of function `write'
configure:6418: checking if echo in /bin/sh interprets escape sequences
configure:6438: checking if link() works
configure:6468: gcc -o conftest  -Wall -Wmissing-prototypes -O2   conftest.c -ltermcap -lm  1>&5
configure:6451: warning: return-type defaults to `int'
configure: In function `main':
configure:6456: warning: implicit declaration of function `unlink'
configure:6458: warning: implicit declaration of function `creat'
configure:6460: warning: implicit declaration of function `link'
configure:6491: checking if kill(pid, 0) returns ESRCH correctly
configure:6513: gcc -o conftest  -Wall -Wmissing-prototypes -O2   conftest.c -ltermcap -lm  1>&5
configure:6505: warning: return-type defaults to `int'
configure: In function `main':
configure:6506: warning: implicit declaration of function `getpid'
configure:6507: warning: implicit declaration of function `kill'
configure:6537: checking if POSIX sigsuspend() works
configure:6574: gcc -o conftest  -Wall -Wmissing-prototypes -O2   conftest.c -ltermcap -lm  1>&5
configure:6551: warning: no previous prototype for `handler'
configure:6553: warning: return-type defaults to `int'
configure: In function `main':
configure:6554: storage size of `act' isn't known
configure:6558: warning: implicit declaration of function `sigfillset'
configure:6560: warning: implicit declaration of function `sigaction'
configure:6562: warning: implicit declaration of function `sigprocmask'
configure:6562: `SIG_SETMASK' undeclared (first use this function)
configure:6562: (Each undeclared identifier is reported only once
configure:6562: for each function it appears in.)
configure:6563: warning: implicit declaration of function `fork'
configure:6566: warning: implicit declaration of function `sigemptyset'
configure:6567: warning: implicit declaration of function `sigsuspend'
configure:6554: warning: unused variable `act'
configure:6570: warning: control reaches end of non-void function
configure: failed program was:
#line 6545 "configure"
#include "confdefs.h"

#include <signal.h>
#include <unistd.h>
int child=0;
void handler(sig)
    int sig;
{if(sig==SIGCHLD) child=1;}
main() {
    struct sigaction act;
    sigset_t set;
    int pid, ret;
    act.sa_handler = &handler;
    sigfillset(&act.sa_mask);
    act.sa_flags = 0;
    sigaction(SIGCHLD, &act, 0);
    sigfillset(&set);
    sigprocmask(SIG_SETMASK, &set, 0);
    pid=fork();
    if(pid==0) return 0;
    if(pid>0) {
    sigemptyset(&set);
        ret=sigsuspend(&set);
        exit(child==0);
    }
}

configure:6599: checking if tcsetpgrp() actually works
configure:6619: gcc -o conftest  -Wall -Wmissing-prototypes -O2   conftest.c -ltermcap -lm  1>&5
configure:6611: warning: return-type defaults to `int'
configure: In function `main':
configure:6613: warning: implicit declaration of function `tcsetpgrp'
configure:6613: warning: implicit declaration of function `tcgetpgrp'
ld: Undefined symbols:
_tcgetpgrp
_tcsetpgrp
configure: failed program was:
#line 6607 "configure"
#include "confdefs.h"

#include <sys/types.h>
#include <unistd.h>
main() {
    int ret;
    ret=tcsetpgrp(0, tcgetpgrp(0));
    exit(ret<0);
}

configure:6644: checking if getpwnam() is faked
configure:6668: gcc -o conftest  -Wall -Wmissing-prototypes -O2   conftest.c -ltermcap -lm  1>&5
configure:6655: warning: return-type defaults to `int'
configure: In function `main':
configure:6658: warning: implicit declaration of function `sprintf'
configure:6658: warning: implicit declaration of function `getpid'
configure:6658: warning: implicit declaration of function `rand'
configure:6695: checking base type of the third argument to accept
configure:6710: gcc -c  -Wall -Wmissing-prototypes -O2  conftest.c 1>&5
configure:6706: undefined type, found `socklen_t'
configure: failed program was:
#line 6702 "configure"
#include "confdefs.h"
#include <sys/types.h>
         #include <sys/socket.h>
int main() {
extern int accept (int, struct sockaddr *, socklen_t *);
; return 0; }
configure:6710: gcc -c  -Wall -Wmissing-prototypes -O2  conftest.c 1>&5
