  gcc -L/usr/X11R5/lib -L/usr/X11/lib     -arch i386 -arch m68k -arch sparc -arch hppa              -o vim objects/buffer.o  objects/charset.o  objects/diff.o  objects/digraph.o  objects/edit.o  objects/eval.o  objects/ex_cmds.o  objects/ex_cmds2.o  objects/ex_docmd.o  objects/ex_eval.o  objects/ex_getln.o  objects/fileio.o  objects/fold.o  objects/getchar.o    objects/if_cscope.o  objects/if_xcmdsrv.o  objects/main.o  objects/mark.o  objects/memfile.o  objects/memline.o  objects/menu.o  objects/message.o  objects/misc1.o  objects/misc2.o  objects/move.o  objects/mbyte.o  objects/normal.o  objects/ops.o  objects/option.o  objects/os_unix.o  objects/pathdef.o  objects/quickfix.o  objects/regexp.o  objects/screen.o  objects/search.o  objects/syntax.o    objects/tag.o  objects/term.o  objects/ui.o  objects/undo.o  objects/window.o  objects/gui.o objects/gui_motif.o objects/gui_x11.o  objects/pty.o objects/gui_beval.o                 objects/version.o  -lXmu -lXext -lXm -lXt -lICE -lXpm -lXt -lX11 -lSM -lICE -ltermlib        
  gcc -L/usr/X11R5/lib -L/usr/X11/lib     -arch i386 -arch m68k -arch sparc -arch hppa              -o vim objects/buffer.o  objects/charset.o  objects/diff.o  objects/digraph.o  objects/edit.o  objects/eval.o  objects/ex_cmds.o  objects/ex_cmds2.o  objects/ex_docmd.o  objects/ex_eval.o  objects/ex_getln.o  objects/fileio.o  objects/fold.o  objects/getchar.o    objects/if_cscope.o  objects/if_xcmdsrv.o  objects/main.o  objects/mark.o  objects/memfile.o  objects/memline.o  objects/menu.o  objects/message.o  objects/misc1.o  objects/misc2.o  objects/move.o  objects/mbyte.o  objects/normal.o  objects/ops.o  objects/option.o  objects/os_unix.o  objects/pathdef.o  objects/quickfix.o  objects/regexp.o  objects/screen.o  objects/search.o  objects/syntax.o    objects/tag.o  objects/term.o  objects/ui.o  objects/undo.o  objects/window.o  objects/gui.o objects/gui_motif.o objects/gui_x11.o  objects/pty.o objects/gui_beval.o                 objects/version.o  -lXmu -lXext -lXm -lXt -lICE -lXpm -lXt -lX11 -lICE -ltermlib        
ld: for architecture i386
ld: Undefined symbols:
_SmcCloseConnection
_SmcGetIceConnection
_SmcInteractDone
_SmcInteractRequest
_SmcOpenConnection
_SmcSaveYourselfDone
  gcc -L/usr/X11R5/lib -L/usr/X11/lib     -arch i386 -arch m68k -arch sparc -arch hppa              -o vim objects/buffer.o  objects/charset.o  objects/diff.o  objects/digraph.o  objects/edit.o  objects/eval.o  objects/ex_cmds.o  objects/ex_cmds2.o  objects/ex_docmd.o  objects/ex_eval.o  objects/ex_getln.o  objects/fileio.o  objects/fold.o  objects/getchar.o    objects/if_cscope.o  objects/if_xcmdsrv.o  objects/main.o  objects/mark.o  objects/memfile.o  objects/memline.o  objects/menu.o  objects/message.o  objects/misc1.o  objects/misc2.o  objects/move.o  objects/mbyte.o  objects/normal.o  objects/ops.o  objects/option.o  objects/os_unix.o  objects/pathdef.o  objects/quickfix.o  objects/regexp.o  objects/screen.o  objects/search.o  objects/syntax.o    objects/tag.o  objects/term.o  objects/ui.o  objects/undo.o  objects/window.o  objects/gui.o objects/gui_motif.o objects/gui_x11.o  objects/pty.o objects/gui_beval.o                 objects/version.o  -lXmu -lXext -lXm -lXt -lXpm -lXt -lX11 -lSM -lICE -ltermlib        
  gcc -L/usr/X11R5/lib -L/usr/X11/lib     -arch i386 -arch m68k -arch sparc -arch hppa              -o vim objects/buffer.o  objects/charset.o  objects/diff.o  objects/digraph.o  objects/edit.o  objects/eval.o  objects/ex_cmds.o  objects/ex_cmds2.o  objects/ex_docmd.o  objects/ex_eval.o  objects/ex_getln.o  objects/fileio.o  objects/fold.o  objects/getchar.o    objects/if_cscope.o  objects/if_xcmdsrv.o  objects/main.o  objects/mark.o  objects/memfile.o  objects/memline.o  objects/menu.o  objects/message.o  objects/misc1.o  objects/misc2.o  objects/move.o  objects/mbyte.o  objects/normal.o  objects/ops.o  objects/option.o  objects/os_unix.o  objects/pathdef.o  objects/quickfix.o  objects/regexp.o  objects/screen.o  objects/search.o  objects/syntax.o    objects/tag.o  objects/term.o  objects/ui.o  objects/undo.o  objects/window.o  objects/gui.o objects/gui_motif.o objects/gui_x11.o  objects/pty.o objects/gui_beval.o                 objects/version.o  -lXmu -lXext -lXm -lXt -lXpm -lXt -lX11 -lSM -ltermlib        
ld: for architecture i386
ld: Undefined symbols:
_IceAddConnectionWatch
_IceConnectionNumber
_IceProcessMessages
_IceRemoveConnectionWatch
_IceAllocScratch
_IceCloseConnection
_IceFlush
_IceLastSentSequenceNumber
_IceOpenConnection
_IceProtocolSetup
_IceProtocolShutdown
_IceRegisterForProtocolSetup
_IceSetShutdownNegotiation
__IcePaMagicCookie1Proc
__IcePoMagicCookie1Proc
__IceWrite
__IceErrorBadLength
__IceErrorBadMinor
__IceErrorBadState
__IceErrorBadValue
__IceRead
__IceReadSkip
  gcc -L/usr/X11R5/lib -L/usr/X11/lib     -arch i386 -arch m68k -arch sparc -arch hppa              -o vim objects/buffer.o  objects/charset.o  objects/diff.o  objects/digraph.o  objects/edit.o  objects/eval.o  objects/ex_cmds.o  objects/ex_cmds2.o  objects/ex_docmd.o  objects/ex_eval.o  objects/ex_getln.o  objects/fileio.o  objects/fold.o  objects/getchar.o    objects/if_cscope.o  objects/if_xcmdsrv.o  objects/main.o  objects/mark.o  objects/memfile.o  objects/memline.o  objects/menu.o  objects/message.o  objects/misc1.o  objects/misc2.o  objects/move.o  objects/mbyte.o  objects/normal.o  objects/ops.o  objects/option.o  objects/os_unix.o  objects/pathdef.o  objects/quickfix.o  objects/regexp.o  objects/screen.o  objects/search.o  objects/syntax.o    objects/tag.o  objects/term.o  objects/ui.o  objects/undo.o  objects/window.o  objects/gui.o objects/gui_motif.o objects/gui_x11.o  objects/pty.o objects/gui_beval.o                 objects/version.o  -lXmu -lXext -lXm -lXpm -lXt -lX11 -lSM -lICE -ltermlib        
  gcc -L/usr/X11R5/lib -L/usr/X11/lib     -arch i386 -arch m68k -arch sparc -arch hppa              -o vim objects/buffer.o  objects/charset.o  objects/diff.o  objects/digraph.o  objects/edit.o  objects/eval.o  objects/ex_cmds.o  objects/ex_cmds2.o  objects/ex_docmd.o  objects/ex_eval.o  objects/ex_getln.o  objects/fileio.o  objects/fold.o  objects/getchar.o    objects/if_cscope.o  objects/if_xcmdsrv.o  objects/main.o  objects/mark.o  objects/memfile.o  objects/memline.o  objects/menu.o  objects/message.o  objects/misc1.o  objects/misc2.o  objects/move.o  objects/mbyte.o  objects/normal.o  objects/ops.o  objects/option.o  objects/os_unix.o  objects/pathdef.o  objects/quickfix.o  objects/regexp.o  objects/screen.o  objects/search.o  objects/syntax.o    objects/tag.o  objects/term.o  objects/ui.o  objects/undo.o  objects/window.o  objects/gui.o objects/gui_motif.o objects/gui_x11.o  objects/pty.o objects/gui_beval.o                 objects/version.o  -lXmu -lXext -lXm -lXpm -lX11 -lSM -lICE -ltermlib        
ld: for architecture i386
ld: Undefined symbols:
_XtAppNextEvent
_XtAppPending
_XtDestroyWidget
_XtDispatchEvent
_XtOpenDisplay
_XtRealizeWidget
_XtStrings
_XtVaAppCreateShell
_XtVaCreatePopupShell
_applicationShellWidgetClass
_topLevelShellWidgetClass
_XtCreateApplicationContext
_XtDisownSelection
_XtFree
_XtGetSelectionValue
_XtMalloc
_XtOwnSelection
_XtToolkitInitialize
_XtAddCallback
_XtAddEventHandler
_XtAppProcessEvent
_XtCreateManagedWidget
_XtCreateWidget
_XtDisplay
_XtDisplayOfObject
_XtGetValues
_XtIsManaged
_XtIsSubclass
_XtLastTimestampProcessed
_XtManageChild
_XtNameToWidget
_XtParent
_XtPopup
_XtScreen
_XtScreenOfObject
_XtSetValues
_XtShellStrings
_XtUnmanageChild
_XtVaCreateManagedWidget
_XtVaCreateWidget
_XtVaGetValues
_XtVaSetValues
_XtWidgetToApplicationContext
_XtWindow
_coreWidgetClass
_XtAppAddInput
_XtAppAddTimeOut
_XtCloseDisplay
_XtConvertAndStore
_XtGetGC
_XtRemoveInput
_XtRemoveTimeOut
_XtSetLanguageProc
_XtSetSensitive
_XtVaGetApplicationResources
_XtAppCreateShell
_XtPopdown
_XtRemoveEventHandler
_XtTranslateKeycode
_overrideShellWidgetClass
_XtAppSetTypeConverter
_XtAppSetWarningMsgHandler
_XtAppWarningMsg
_XtCalloc
_XtDisplayToApplicationContext
_XtGetApplicationResources
_XtGetConstraintResourceList
_XtGetResourceList
_XtName
_XtRealloc
_XtTranslateCoords
_XtWindowOfObject
_XtAddConverter
_XtDisplayStringConversionWarning
_XtInitializeWidgetClass
_XtScreenDatabase
_XtSetTypeConverter
_XtWarning
_XtCallCallbackList
_XtInstallAccelerators
_XtManageChildren
_XtRemoveAllCallbacks
_XtSetMappedWhenManaged
__XtInherit
__XtInheritTranslations
_XtMakeGeometryRequest
_XtGetSubresources
_XtGetSubvalues
_XtReleaseGC
_XtSetSubvalues
_XtCreatePopupShell
_XtCreateWindow
_XtGrabButton
_XtGrabKey
_XtInsertEventHandler
_XtOverrideTranslations
_XtParseTranslationTable
_XtQueryGeometry
_XtRemoveCallback
_XtSetKeyboardFocus
_XtUngrabButton
_XtUngrabKey
_XtUngrabKeyboard
_XtUngrabPointer
_XtWindowToWidget
_compositeWidgetClass
_XtCallConverter
_XtCvtStringToFontSet
_XtCvtStringToFontStruct
__XtIsSubclassOf
_wmShellWidgetClass
_XtAllocateGC
_XtBuildEventMask
_XtGetMultiClickTime
_XtGrabKeyboard
_XtMakeResizeRequest
_XtAppErrorMsg
_XtCallCallbacks
_XtConfigureWidget
_overrideShellClassRec
_XtGetActionKeysym
_XtResolvePathname
_constraintClassRec
_objectClass
_rectObjClass
_XtErrorMsg
_XtStringConversionWarning
_XtWarningMsg
_XtError
_transientShellClassRec
_XtParseAcceleratorTable
_XtHasCallbacks
_constraintWidgetClass
_XtDestroyApplicationContext
_XtMoveWidget
_XtResizeWidget
_XtAppGetSelectionTimeout
_XtGetSelectionRequest
_XtGrabPointer
_XtMergeArgLists
_XtOwnSelectionIncremental
_widgetClassRec
_objectClassRec
_rectObjClassRec
_XtGetApplicationNameAndClass
_applicationShellClassRec
_XtAddGrab
_XtRemoveGrab
_transientShellWidgetClass
_wmShellClassRec
_XtSetKeyTranslator
_XtTranslateKey
_widgetClass
_XtGetSelectionValues
_XtGetSelectionValuesIncremental
_XtDatabase
_XtAugmentTranslations
_XtRegisterGrabAction
_XtAddRawEventHandler
  gcc -L/usr/X11R5/lib -L/usr/X11/lib     -arch i386 -arch m68k -arch sparc -arch hppa              -o vim objects/buffer.o  objects/charset.o  objects/diff.o  objects/digraph.o  objects/edit.o  objects/eval.o  objects/ex_cmds.o  objects/ex_cmds2.o  objects/ex_docmd.o  objects/ex_eval.o  objects/ex_getln.o  objects/fileio.o  objects/fold.o  objects/getchar.o    objects/if_cscope.o  objects/if_xcmdsrv.o  objects/main.o  objects/mark.o  objects/memfile.o  objects/memline.o  objects/menu.o  objects/message.o  objects/misc1.o  objects/misc2.o  objects/move.o  objects/mbyte.o  objects/normal.o  objects/ops.o  objects/option.o  objects/os_unix.o  objects/pathdef.o  objects/quickfix.o  objects/regexp.o  objects/screen.o  objects/search.o  objects/syntax.o    objects/tag.o  objects/term.o  objects/ui.o  objects/undo.o  objects/window.o  objects/gui.o objects/gui_motif.o objects/gui_x11.o  objects/pty.o objects/gui_beval.o                 objects/version.o  -lXext -lXm -lXpm -lXt -lX11 -lSM -lICE -ltermlib        
ld: for architecture i386
ld: Undefined symbols:
__XEditResCheckMessages
  gcc -L/usr/X11R5/lib -L/usr/X11/lib     -arch i386 -arch m68k -arch sparc -arch hppa              -o vim objects/buffer.o  objects/charset.o  objects/diff.o  objects/digraph.o  objects/edit.o  objects/eval.o  objects/ex_cmds.o  objects/ex_cmds2.o  objects/ex_docmd.o  objects/ex_eval.o  objects/ex_getln.o  objects/fileio.o  objects/fold.o  objects/getchar.o    objects/if_cscope.o  objects/if_xcmdsrv.o  objects/main.o  objects/mark.o  objects/memfile.o  objects/memline.o  objects/menu.o  objects/message.o  objects/misc1.o  objects/misc2.o  objects/move.o  objects/mbyte.o  objects/normal.o  objects/ops.o  objects/option.o  objects/os_unix.o  objects/pathdef.o  objects/quickfix.o  objects/regexp.o  objects/screen.o  objects/search.o  objects/syntax.o    objects/tag.o  objects/term.o  objects/ui.o  objects/undo.o  objects/window.o  objects/gui.o objects/gui_motif.o objects/gui_x11.o  objects/pty.o objects/gui_beval.o                 objects/version.o  -lXmu -lXext -lXm -lXt -lX11 -lSM -lICE -ltermlib        
ld: for architecture i386
ld: Undefined symbols:
_XpmCreatePixmapFromData
_XpmFreeAttributes
_XpmReadFileToPixmap
  gcc -L/usr/X11R5/lib -L/usr/X11/lib     -arch i386 -arch m68k -arch sparc -arch hppa              -o vim objects/buffer.o  objects/charset.o  objects/diff.o  objects/digraph.o  objects/edit.o  objects/eval.o  objects/ex_cmds.o  objects/ex_cmds2.o  objects/ex_docmd.o  objects/ex_eval.o  objects/ex_getln.o  objects/fileio.o  objects/fold.o  objects/getchar.o    objects/if_cscope.o  objects/if_xcmdsrv.o  objects/main.o  objects/mark.o  objects/memfile.o  objects/memline.o  objects/menu.o  objects/message.o  objects/misc1.o  objects/misc2.o  objects/move.o  objects/mbyte.o  objects/normal.o  objects/ops.o  objects/option.o  objects/os_unix.o  objects/pathdef.o  objects/quickfix.o  objects/regexp.o  objects/screen.o  objects/search.o  objects/syntax.o    objects/tag.o  objects/term.o  objects/ui.o  objects/undo.o  objects/window.o  objects/gui.o objects/gui_motif.o objects/gui_x11.o  objects/pty.o objects/gui_beval.o                 objects/version.o  -lXmu -lXext -lXm -lXpm -lXt -lSM -lICE -ltermlib        
ld: for architecture i386
ld: Undefined symbols:
_XChangeProperty
_XCreateSimpleWindow
_XDefaultRootWindow
_XDeleteProperty
_XEventsQueued
_XFlush
_XFree
_XGetGeometry
_XGetWindowProperty
_XGrabServer
_XInternAtom
_XListProperties
_XNextEvent
_XSelectInput
_XSetErrorHandler
_XSync
_XUngrabServer
_XCloseIM
_XCreateIC
_XGetICValues
_XGetIMValues
_XOpenIM
_XSetICFocus
_XSetICValues
_XSetLocaleModifiers
_XUnsetICFocus
_XVaCreateNestedList
_XStoreBuffer
_XCloseDisplay
_XFreeStringList
_XGetErrorText
_XGetWMIconName
_XGetWMName
_XGetWMNormalHints
_XOpenDisplay
_XQueryPointer
_XQueryTree
_XSetIOErrorHandler
_XmbSetWMProperties
_XmbTextPropertyToTextList
_XCheckTypedEvent
_XFetchBuffer
_XmbTextListToTextProperty
_XFreePixmap
_XLookupKeysym
_XLookupString
_XMapRaised
_XMapWindow
_XAllocColor
_XBaseFontNameListOfFontSet
_XBell
_XChangeGC
_XClearArea
_XCopyArea
_XCreateFontCursor
_XCreateFontSet
_XCreateGC
_XCreatePixmap
_XCreatePixmapCursor
_XDefaultScreen
_XDefineCursor
_XDrawImageString
_XDrawLine
_XDrawPoint
_XDrawRectangle
_XDrawString
_XExtentsOfFontSet
_XFillRectangle
_XFontsOfFontSet
_XFreeFont
_XFreeFontSet
_XFreeGC
_XGetIconSizes
_XGetVisualInfo
_XIconifyWindow
_XLoadQueryFont
_XParseColor
_XParseGeometry
_XQueryColor
_XQueryColors
_XRootWindowOfScreen
_XSetBackground
_XSetClipMask
_XSetClipRectangles
_XSetCommand
_XSetFont
_XSetForeground
_XSetGraphicsExposures
_XSetWMProtocols
_XVisualIDFromVisual
_XWarpPointer
_XmbDrawString
_XmbLookupString
_XmbTextEscapement
_XGetWindowAttributes
_XrmQGetResource
_XrmStringToQuark
_XrmQuarkToString
_XAllowEvents
_XChangeActivePointerGrab
_XGetInputFocus
_XKeysymToKeycode
_XKeysymToString
_XSetInputFocus
_XStringToKeysym
_XDrawImageString16
_XDrawString16
_XGetGCValues
_XTextExtents
_XTextExtents16
_XTextWidth
_XTextWidth16
_XmbDrawImageString
_XmbTextExtents
__Xsetlocale
_XConvertSelection
_XDeleteContext
_XDrawSegments
_XFindContext
_XGetAtomName
_XGetFontProperty
_XPutImage
_XSaveContext
_XSetTSOrigin
_XWindowEvent
_XrmUniqueQuark
_XwcDrawString
_XwcTextEscapement
_XRectInRegion
_XLastKnownRequestProcessed
_XMoveWindow
_XPeekEvent
_XPending
_XRaiseWindow
_XScreenNumberOfScreen
_XUnmapWindow
_XWithdrawWindow
_XSetWindowBackground
_XCreateImage
_XCheckMaskEvent
_XFillPolygon
_XFillRectangles
_XSetLineAttributes
_XGrabKeyboard
_XGrabPointer
_XHeightOfScreen
_XPutBackEvent
_XScreenCount
_XTranslateCoordinates
_XUngrabKeyboard
_XUngrabPointer
_XWidthOfScreen
_XCreatePixmapFromBitmapData
_XFreeCursor
_XQueryBestCursor
_XCheckIfEvent
_XLowerWindow
_XReparentWindow
_XSetWindowBackgroundPixmap
_XDisplayKeycodes
_XGetKeyboardMapping
_XKeycodeToKeysym
_XrmDestroyDatabase
_XrmGetStringDatabase
_XGetSelectionOwner
_XIfEvent
_XMaxRequestSize
_XSendEvent
_XSetSelectionOwner
_XDestroyIC
_XClearWindow
_XRotateBuffers
_XCreateWindow
_XDestroyWindow
_XDisplayString
_XSetCloseDownMode
_XChangeWindowAttributes
_XCopyPlane
_XCreateRegion
_XDestroyRegion
_XMoveResizeWindow
_XRecolorCursor
_XSetClipOrigin
_XSetFunction
_XUnionRectWithRegion
_XDefaultColormap
_XDefaultDepth
_XDefaultVisual
_XFreeColors
_XRefreshKeyboardMapping
_XClipBox
_XFilterEvent
_XIntersectRegion
_XDisplayName
_XrmGetDatabase
_XrmSetDatabase
_XMapSubwindows
_XrmPermStringToQuark
_XrmStringToBindingQuarkList
_XAllocSizeHints
_XConfigureWindow
_XSetTransientForHint
_XSetWMHints
_XSetWMIconName
_XSetWMName
_XSetWMNormalHints
_XSetWMProperties
_XWMGeometry
_XResourceManagerString
_XScreenResourceString
_XSupportsLocale
_XSynchronize
_XrmCombineDatabase
_XrmCombineFileDatabase
_XrmEnumerateDatabase
_XrmInitialize
_XrmParseCommand
_XrmPutLineResource
_XrmQGetSearchList
_XrmQGetSearchResource
_XrmQPutResource
_XListDepths
_XFreeModifiermap
_XGetModifierMapping
_XrmGetFileDatabase
_XrmGetResource
_XrmMergeDatabases
_XAllocNamedColor
_XDisplayOfScreen
_XLoadFont
_XLookupColor
_XMatchVisualInfo
_XQueryFont
_XUnloadFont
_XGrabButton
_XGrabKey
_XUngrabButton
_XUngrabKey
